2018-06-21 13:04:58.944 [main] INFO  o.s.c.a.AnnotationConfigApplicationContext --- Refreshing org.springframework.context.annotation.AnnotationConfigApplicationContext@5b1ebf56: startup date [Thu Jun 21 13:04:58 CST 2018]; root of context hierarchy
2018-06-21 13:04:59.560 [main] INFO  o.s.b.f.a.AutowiredAnnotationBeanPostProcessor --- JSR-330 'javax.inject.Inject' annotation found and supported for autowiring
2018-06-21 13:04:59.729 [main] INFO  o.s.c.s.PostProcessorRegistrationDelegate$BeanPostProcessorChecker --- Bean 'configurationPropertiesRebinderAutoConfiguration' of type [org.springframework.cloud.autoconfigure.ConfigurationPropertiesRebinderAutoConfiguration$$EnhancerBySpringCGLIB$$107baff2] is not eligible for getting processed by all BeanPostProcessors (for example: not eligible for auto-proxying)
2018-06-21 13:05:00.667 [main] INFO  com.pine.soft.EurekaServerApplication --- The following profiles are active: dev
2018-06-21 13:05:00.694 [main] INFO  o.s.b.w.s.c.AnnotationConfigServletWebServerApplicationContext --- Refreshing org.springframework.boot.web.servlet.context.AnnotationConfigServletWebServerApplicationContext@553f3b6e: startup date [Thu Jun 21 13:05:00 CST 2018]; parent: org.springframework.context.annotation.AnnotationConfigApplicationContext@5b1ebf56
2018-06-21 13:05:02.001 [main] INFO  o.s.b.factory.support.DefaultListableBeanFactory --- Overriding bean definition for bean 'environmentWebEndpointExtension' with a different definition: replacing [Root bean: class [null]; scope=; abstract=false; lazyInit=false; autowireMode=3; dependencyCheck=0; autowireCandidate=true; primary=false; factoryBeanName=org.springframework.boot.actuate.autoconfigure.env.EnvironmentEndpointAutoConfiguration; factoryMethodName=environmentWebEndpointExtension; initMethodName=null; destroyMethodName=(inferred); defined in class path resource [org/springframework/boot/actuate/autoconfigure/env/EnvironmentEndpointAutoConfiguration.class]] with [Root bean: class [null]; scope=; abstract=false; lazyInit=false; autowireMode=3; dependencyCheck=0; autowireCandidate=true; primary=false; factoryBeanName=org.springframework.cloud.autoconfigure.LifecycleMvcEndpointAutoConfiguration$EndpointConfiguration; factoryMethodName=environmentWebEndpointExtension; initMethodName=null; destroyMethodName=(inferred); defined in class path resource [org/springframework/cloud/autoconfigure/LifecycleMvcEndpointAutoConfiguration$EndpointConfiguration.class]]
2018-06-21 13:05:02.783 [main] INFO  o.springframework.cloud.context.scope.GenericScope --- BeanFactory id=49044a47-f543-344c-802b-623cc5228015
2018-06-21 13:05:02.817 [main] INFO  o.s.b.f.a.AutowiredAnnotationBeanPostProcessor --- JSR-330 'javax.inject.Inject' annotation found and supported for autowiring
2018-06-21 13:05:03.079 [main] INFO  o.s.c.s.PostProcessorRegistrationDelegate$BeanPostProcessorChecker --- Bean 'org.springframework.cloud.autoconfigure.ConfigurationPropertiesRebinderAutoConfiguration' of type [org.springframework.cloud.autoconfigure.ConfigurationPropertiesRebinderAutoConfiguration$$EnhancerBySpringCGLIB$$107baff2] is not eligible for getting processed by all BeanPostProcessors (for example: not eligible for auto-proxying)
2018-06-21 13:05:04.003 [main] INFO  o.s.boot.web.embedded.tomcat.TomcatWebServer --- Tomcat initialized with port(s): 8080 (http)
2018-06-21 13:05:04.025 [main] INFO  org.apache.coyote.http11.Http11NioProtocol --- Initializing ProtocolHandler ["http-nio-8080"]
2018-06-21 13:05:04.042 [main] INFO  org.apache.catalina.core.StandardService --- Starting service [Tomcat]
2018-06-21 13:05:04.042 [main] INFO  org.apache.catalina.core.StandardEngine --- Starting Servlet Engine: Apache Tomcat/8.5.28
2018-06-21 13:05:04.057 [localhost-startStop-1] INFO  org.apache.catalina.core.AprLifecycleListener --- The APR based Apache Tomcat Native library which allows optimal performance in production environments was not found on the java.library.path: [D:\Program Files\java\jre-10.0.1\bin;C:\WINDOWS\Sun\Java\bin;C:\WINDOWS\system32;C:\WINDOWS;C:\Program Files (x86)\Common Files\Oracle\Java\javapath;C:\Program Files (x86)\Intel\iCLS Client\;C:\Program Files\Intel\iCLS Client\;C:\WINDOWS\system32;C:\WINDOWS;C:\WINDOWS\System32\Wbem;C:\WINDOWS\System32\WindowsPowerShell\v1.0\;C:\Program Files\Intel\WiFi\bin\;C:\Program Files\Common Files\Intel\WirelessCommon\;C:\Program Files (x86)\Intel\UCRT\;C:\Program Files\Intel\UCRT\;C:\Program Files (x86)\Intel\Intel(R) Management Engine Components\DAL;C:\Program Files\Intel\Intel(R) Management Engine Components\DAL;C:\Program Files (x86)\Intel\Intel(R) Management Engine Components\IPT;C:\Program Files\Intel\Intel(R) Management Engine Components\IPT;C:\WINDOWS\System32\OpenSSH\;D:\Program Files\java\jdk-10.0.1\bin;D:\Program Files\java\jre-10.0.1\bin;D:\Program Files\Git\cmd;C:\Users\yangs\AppData\Local\Microsoft\WindowsApps;;.]
2018-06-21 13:05:04.584 [localhost-startStop-1] INFO  o.a.c.core.ContainerBase.[Tomcat].[localhost].[/] --- Initializing Spring embedded WebApplicationContext
2018-06-21 13:05:04.597 [localhost-startStop-1] INFO  org.springframework.web.context.ContextLoader --- Root WebApplicationContext: initialization completed in 3903 ms
2018-06-21 13:05:05.179 [localhost-startStop-1] ERROR o.s.boot.web.embedded.tomcat.TomcatStarter --- Error starting Tomcat context. Exception: org.springframework.beans.factory.UnsatisfiedDependencyException. Message: Error creating bean with name 'org.springframework.cloud.netflix.eureka.server.EurekaServerAutoConfiguration': Unsatisfied dependency expressed through field 'eurekaServerConfig'; nested exception is org.springframework.beans.factory.UnsatisfiedDependencyException: Error creating bean with name 'eurekaServerConfig' defined in class path resource [org/springframework/cloud/netflix/eureka/server/EurekaServerAutoConfiguration$EurekaServerConfigBeanConfiguration.class]: Unsatisfied dependency expressed through method 'eurekaServerConfig' parameter 0; nested exception is org.springframework.boot.context.properties.ConfigurationPropertiesBindException: Error creating bean with name 'eurekaClientConfigBean': Could not bind properties to 'EurekaClientConfigBean' : prefix=eureka.client, ignoreInvalidFields=false, ignoreUnknownFields=true; nested exception is org.springframework.boot.context.properties.bind.BindException: Failed to bind properties under 'eureka.client.serviceurl.defaultzone' to java.lang.String
2018-06-21 13:05:05.272 [main] WARN  o.s.b.w.s.c.AnnotationConfigServletWebServerApplicationContext --- Exception encountered during context initialization - cancelling refresh attempt: org.springframework.context.ApplicationContextException: Unable to start web server; nested exception is org.springframework.boot.web.server.WebServerException: Unable to start embedded Tomcat
2018-06-21 13:05:05.310 [main] INFO  o.s.b.a.l.ConditionEvaluationReportLoggingListener --- 

Error starting ApplicationContext. To display the conditions report re-run your application with 'debug' enabled.
2018-06-21 13:05:05.315 [main] ERROR o.s.b.diagnostics.LoggingFailureAnalysisReporter --- 

***************************
APPLICATION FAILED TO START
***************************

Description:

Failed to bind properties under 'eureka.client.serviceurl.defaultzone' to java.lang.String:

    Property: eureka.client.serviceurl.defaultzone
    Value: http://${eureka.instance.hostname}:${server.port}/eureka/
    Origin: class path resource [config/application.properties]:15:38
    Reason: Could not resolve placeholder 'server.port' in value "http://${eureka.instance.hostname}:${server.port}/eureka/"

Action:

Update your application's configuration

2018-06-21 13:07:04.280 [main] INFO  o.s.c.a.AnnotationConfigApplicationContext --- Refreshing org.springframework.context.annotation.AnnotationConfigApplicationContext@134d26af: startup date [Thu Jun 21 13:07:04 CST 2018]; root of context hierarchy
2018-06-21 13:07:04.660 [main] INFO  o.s.b.f.a.AutowiredAnnotationBeanPostProcessor --- JSR-330 'javax.inject.Inject' annotation found and supported for autowiring
2018-06-21 13:07:04.780 [main] INFO  o.s.c.s.PostProcessorRegistrationDelegate$BeanPostProcessorChecker --- Bean 'configurationPropertiesRebinderAutoConfiguration' of type [org.springframework.cloud.autoconfigure.ConfigurationPropertiesRebinderAutoConfiguration$$EnhancerBySpringCGLIB$$9431c60d] is not eligible for getting processed by all BeanPostProcessors (for example: not eligible for auto-proxying)
2018-06-21 13:07:05.671 [main] INFO  com.pine.soft.EurekaServerApplication --- The following profiles are active: dev
2018-06-21 13:07:05.701 [main] INFO  o.s.b.w.s.c.AnnotationConfigServletWebServerApplicationContext --- Refreshing org.springframework.boot.web.servlet.context.AnnotationConfigServletWebServerApplicationContext@5f574cc2: startup date [Thu Jun 21 13:07:05 CST 2018]; parent: org.springframework.context.annotation.AnnotationConfigApplicationContext@134d26af
2018-06-21 13:07:06.917 [main] INFO  o.s.b.factory.support.DefaultListableBeanFactory --- Overriding bean definition for bean 'environmentWebEndpointExtension' with a different definition: replacing [Root bean: class [null]; scope=; abstract=false; lazyInit=false; autowireMode=3; dependencyCheck=0; autowireCandidate=true; primary=false; factoryBeanName=org.springframework.boot.actuate.autoconfigure.env.EnvironmentEndpointAutoConfiguration; factoryMethodName=environmentWebEndpointExtension; initMethodName=null; destroyMethodName=(inferred); defined in class path resource [org/springframework/boot/actuate/autoconfigure/env/EnvironmentEndpointAutoConfiguration.class]] with [Root bean: class [null]; scope=; abstract=false; lazyInit=false; autowireMode=3; dependencyCheck=0; autowireCandidate=true; primary=false; factoryBeanName=org.springframework.cloud.autoconfigure.LifecycleMvcEndpointAutoConfiguration$EndpointConfiguration; factoryMethodName=environmentWebEndpointExtension; initMethodName=null; destroyMethodName=(inferred); defined in class path resource [org/springframework/cloud/autoconfigure/LifecycleMvcEndpointAutoConfiguration$EndpointConfiguration.class]]
2018-06-21 13:07:07.514 [main] INFO  o.springframework.cloud.context.scope.GenericScope --- BeanFactory id=49044a47-f543-344c-802b-623cc5228015
2018-06-21 13:07:07.553 [main] INFO  o.s.b.f.a.AutowiredAnnotationBeanPostProcessor --- JSR-330 'javax.inject.Inject' annotation found and supported for autowiring
2018-06-21 13:07:07.799 [main] INFO  o.s.c.s.PostProcessorRegistrationDelegate$BeanPostProcessorChecker --- Bean 'org.springframework.cloud.autoconfigure.ConfigurationPropertiesRebinderAutoConfiguration' of type [org.springframework.cloud.autoconfigure.ConfigurationPropertiesRebinderAutoConfiguration$$EnhancerBySpringCGLIB$$9431c60d] is not eligible for getting processed by all BeanPostProcessors (for example: not eligible for auto-proxying)
2018-06-21 13:07:08.658 [main] INFO  o.s.boot.web.embedded.tomcat.TomcatWebServer --- Tomcat initialized with port(s): 8100 (http)
2018-06-21 13:07:08.681 [main] INFO  org.apache.coyote.http11.Http11NioProtocol --- Initializing ProtocolHandler ["http-nio-8100"]
2018-06-21 13:07:08.702 [main] INFO  org.apache.catalina.core.StandardService --- Starting service [Tomcat]
2018-06-21 13:07:08.703 [main] INFO  org.apache.catalina.core.StandardEngine --- Starting Servlet Engine: Apache Tomcat/8.5.28
2018-06-21 13:07:08.719 [localhost-startStop-1] INFO  org.apache.catalina.core.AprLifecycleListener --- The APR based Apache Tomcat Native library which allows optimal performance in production environments was not found on the java.library.path: [D:\Program Files\java\jre-10.0.1\bin;C:\WINDOWS\Sun\Java\bin;C:\WINDOWS\system32;C:\WINDOWS;C:\Program Files (x86)\Common Files\Oracle\Java\javapath;C:\Program Files (x86)\Intel\iCLS Client\;C:\Program Files\Intel\iCLS Client\;C:\WINDOWS\system32;C:\WINDOWS;C:\WINDOWS\System32\Wbem;C:\WINDOWS\System32\WindowsPowerShell\v1.0\;C:\Program Files\Intel\WiFi\bin\;C:\Program Files\Common Files\Intel\WirelessCommon\;C:\Program Files (x86)\Intel\UCRT\;C:\Program Files\Intel\UCRT\;C:\Program Files (x86)\Intel\Intel(R) Management Engine Components\DAL;C:\Program Files\Intel\Intel(R) Management Engine Components\DAL;C:\Program Files (x86)\Intel\Intel(R) Management Engine Components\IPT;C:\Program Files\Intel\Intel(R) Management Engine Components\IPT;C:\WINDOWS\System32\OpenSSH\;D:\Program Files\java\jdk-10.0.1\bin;D:\Program Files\java\jre-10.0.1\bin;D:\Program Files\Git\cmd;C:\Users\yangs\AppData\Local\Microsoft\WindowsApps;;.]
2018-06-21 13:07:09.141 [localhost-startStop-1] INFO  o.a.c.core.ContainerBase.[Tomcat].[localhost].[/] --- Initializing Spring embedded WebApplicationContext
2018-06-21 13:07:09.142 [localhost-startStop-1] INFO  org.springframework.web.context.ContextLoader --- Root WebApplicationContext: initialization completed in 3442 ms
2018-06-21 13:07:12.198 [localhost-startStop-1] INFO  o.s.boot.web.servlet.FilterRegistrationBean --- Mapping filter: 'characterEncodingFilter' to: [/*]
2018-06-21 13:07:12.200 [localhost-startStop-1] INFO  o.s.boot.web.servlet.FilterRegistrationBean --- Mapping filter: 'hiddenHttpMethodFilter' to: [/*]
2018-06-21 13:07:12.200 [localhost-startStop-1] INFO  o.s.boot.web.servlet.FilterRegistrationBean --- Mapping filter: 'httpPutFormContentFilter' to: [/*]
2018-06-21 13:07:12.203 [localhost-startStop-1] INFO  o.s.boot.web.servlet.FilterRegistrationBean --- Mapping filter: 'requestContextFilter' to: [/*]
2018-06-21 13:07:12.204 [localhost-startStop-1] INFO  o.s.boot.web.servlet.FilterRegistrationBean --- Mapping filter: 'httpTraceFilter' to: [/*]
2018-06-21 13:07:12.205 [localhost-startStop-1] INFO  o.s.boot.web.servlet.FilterRegistrationBean --- Mapping filter: 'webMvcMetricsFilter' to: [/*]
2018-06-21 13:07:12.205 [localhost-startStop-1] INFO  o.s.boot.web.servlet.FilterRegistrationBean --- Mapping filter: 'servletContainer' to urls: [/eureka/*]
2018-06-21 13:07:12.205 [localhost-startStop-1] INFO  o.s.boot.web.servlet.ServletRegistrationBean --- Servlet dispatcherServlet mapped to [/]
2018-06-21 13:07:12.349 [localhost-startStop-1] INFO  c.s.j.server.impl.application.WebApplicationImpl --- Initiating Jersey application, version 'Jersey: 1.19.1 03/11/2016 02:08 PM'
2018-06-21 13:07:12.466 [localhost-startStop-1] ERROR o.a.c.core.ContainerBase.[Tomcat].[localhost].[/] --- Exception starting filter [servletContainer]
java.lang.TypeNotPresentException: Type javax.xml.bind.JAXBContext not present
	at java.base/sun.reflect.generics.factory.CoreReflectionFactory.makeNamedType(Unknown Source)
	at java.base/sun.reflect.generics.visitor.Reifier.visitClassTypeSignature(Unknown Source)
	at java.base/sun.reflect.generics.tree.ClassTypeSignature.accept(Unknown Source)
	at java.base/sun.reflect.generics.visitor.Reifier.reifyTypeArguments(Unknown Source)
	at java.base/sun.reflect.generics.visitor.Reifier.visitClassTypeSignature(Unknown Source)
	at java.base/sun.reflect.generics.tree.ClassTypeSignature.accept(Unknown Source)
	at java.base/sun.reflect.generics.repository.ClassRepository.computeSuperInterfaces(Unknown Source)
	at java.base/sun.reflect.generics.repository.ClassRepository.getSuperInterfaces(Unknown Source)
	at java.base/java.lang.Class.getGenericInterfaces(Unknown Source)
	at com.sun.jersey.core.reflection.ReflectionHelper.getClass(ReflectionHelper.java:629)
	at com.sun.jersey.core.reflection.ReflectionHelper.getClass(ReflectionHelper.java:625)
	at com.sun.jersey.core.spi.factory.ContextResolverFactory.getParameterizedType(ContextResolverFactory.java:202)
	at com.sun.jersey.core.spi.factory.ContextResolverFactory.init(ContextResolverFactory.java:89)
	at com.sun.jersey.server.impl.application.WebApplicationImpl._initiate(WebApplicationImpl.java:1332)
	at com.sun.jersey.server.impl.application.WebApplicationImpl.access$700(WebApplicationImpl.java:180)
	at com.sun.jersey.server.impl.application.WebApplicationImpl$13.f(WebApplicationImpl.java:799)
	at com.sun.jersey.server.impl.application.WebApplicationImpl$13.f(WebApplicationImpl.java:795)
	at com.sun.jersey.spi.inject.Errors.processWithErrors(Errors.java:193)
	at com.sun.jersey.server.impl.application.WebApplicationImpl.initiate(WebApplicationImpl.java:795)
	at com.sun.jersey.server.impl.application.WebApplicationImpl.initiate(WebApplicationImpl.java:790)
	at com.sun.jersey.spi.container.servlet.ServletContainer.initiate(ServletContainer.java:509)
	at com.sun.jersey.spi.container.servlet.ServletContainer$InternalWebComponent.initiate(ServletContainer.java:339)
	at com.sun.jersey.spi.container.servlet.WebComponent.load(WebComponent.java:605)
	at com.sun.jersey.spi.container.servlet.WebComponent.init(WebComponent.java:207)
	at com.sun.jersey.spi.container.servlet.ServletContainer.init(ServletContainer.java:394)
	at com.sun.jersey.spi.container.servlet.ServletContainer.init(ServletContainer.java:744)
	at org.apache.catalina.core.ApplicationFilterConfig.initFilter(ApplicationFilterConfig.java:285)
	at org.apache.catalina.core.ApplicationFilterConfig.<init>(ApplicationFilterConfig.java:112)
	at org.apache.catalina.core.StandardContext.filterStart(StandardContext.java:4599)
	at org.apache.catalina.core.StandardContext.startInternal(StandardContext.java:5241)
	at org.apache.catalina.util.LifecycleBase.start(LifecycleBase.java:150)
	at org.apache.catalina.core.ContainerBase$StartChild.call(ContainerBase.java:1419)
	at org.apache.catalina.core.ContainerBase$StartChild.call(ContainerBase.java:1409)
	at java.base/java.util.concurrent.FutureTask.run(Unknown Source)
	at java.base/java.util.concurrent.ThreadPoolExecutor.runWorker(Unknown Source)
	at java.base/java.util.concurrent.ThreadPoolExecutor$Worker.run(Unknown Source)
	at java.base/java.lang.Thread.run(Unknown Source)
Caused by: java.lang.ClassNotFoundException: javax.xml.bind.JAXBContext
	at java.base/jdk.internal.loader.BuiltinClassLoader.loadClass(Unknown Source)
	at java.base/jdk.internal.loader.ClassLoaders$AppClassLoader.loadClass(Unknown Source)
	at java.base/java.lang.ClassLoader.loadClass(Unknown Source)
	at java.base/java.lang.Class.forName0(Native Method)
	at java.base/java.lang.Class.forName(Unknown Source)
	... 37 common frames omitted
2018-06-21 13:07:12.468 [localhost-startStop-1] ERROR org.apache.catalina.core.StandardContext --- One or more Filters failed to start. Full details will be found in the appropriate container log file
2018-06-21 13:07:12.469 [localhost-startStop-1] ERROR org.apache.catalina.core.StandardContext --- Context [] startup failed due to previous errors
2018-06-21 13:07:12.480 [localhost-startStop-1] WARN  org.apache.catalina.loader.WebappClassLoaderBase --- The web application [ROOT] appears to have started a thread named [spring.cloud.inetutils] but has failed to stop it. This is very likely to create a memory leak. Stack trace of thread:
 java.base@10.0.1/jdk.internal.misc.Unsafe.park(Native Method)
 java.base@10.0.1/java.util.concurrent.locks.LockSupport.park(Unknown Source)
 java.base@10.0.1/java.util.concurrent.locks.AbstractQueuedSynchronizer$ConditionObject.await(Unknown Source)
 java.base@10.0.1/java.util.concurrent.LinkedBlockingQueue.take(Unknown Source)
 java.base@10.0.1/java.util.concurrent.ThreadPoolExecutor.getTask(Unknown Source)
 java.base@10.0.1/java.util.concurrent.ThreadPoolExecutor.runWorker(Unknown Source)
 java.base@10.0.1/java.util.concurrent.ThreadPoolExecutor$Worker.run(Unknown Source)
 java.base@10.0.1/java.lang.Thread.run(Unknown Source)
2018-06-21 13:07:12.487 [main] INFO  org.apache.coyote.http11.Http11NioProtocol --- Starting ProtocolHandler ["http-nio-8100"]
2018-06-21 13:07:12.511 [main] INFO  org.apache.tomcat.util.net.NioSelectorPool --- Using a shared selector for servlet write/read
2018-06-21 13:07:12.536 [main] WARN  o.s.b.w.s.c.AnnotationConfigServletWebServerApplicationContext --- Exception encountered during context initialization - cancelling refresh attempt: org.springframework.context.ApplicationContextException: Unable to start web server; nested exception is org.springframework.boot.web.server.WebServerException: Unable to start embedded Tomcat
2018-06-21 13:07:12.540 [main] WARN  o.s.beans.factory.support.DisposableBeanAdapter --- Invocation of destroy method 'close' failed on bean with name 'eurekaRegistration': org.springframework.beans.factory.BeanCreationNotAllowedException: Error creating bean with name 'org.springframework.cloud.netflix.eureka.EurekaClientAutoConfiguration$RefreshableEurekaClientConfiguration': Singleton bean creation not allowed while singletons of this factory are in destruction (Do not request a bean from a BeanFactory in a destroy method implementation!)
2018-06-21 13:07:12.598 [main] INFO  o.s.b.a.l.ConditionEvaluationReportLoggingListener --- 

Error starting ApplicationContext. To display the conditions report re-run your application with 'debug' enabled.
2018-06-21 13:07:12.604 [main] ERROR org.springframework.boot.SpringApplication --- Application run failed
org.springframework.context.ApplicationContextException: Unable to start web server; nested exception is org.springframework.boot.web.server.WebServerException: Unable to start embedded Tomcat
	at org.springframework.boot.web.servlet.context.ServletWebServerApplicationContext.onRefresh(ServletWebServerApplicationContext.java:155)
	at org.springframework.context.support.AbstractApplicationContext.refresh(AbstractApplicationContext.java:543)
	at org.springframework.boot.web.servlet.context.ServletWebServerApplicationContext.refresh(ServletWebServerApplicationContext.java:140)
	at org.springframework.boot.SpringApplication.refresh(SpringApplication.java:752)
	at org.springframework.boot.SpringApplication.refreshContext(SpringApplication.java:388)
	at org.springframework.boot.SpringApplication.run(SpringApplication.java:327)
	at org.springframework.boot.SpringApplication.run(SpringApplication.java:1246)
	at org.springframework.boot.SpringApplication.run(SpringApplication.java:1234)
	at com.pine.soft.EurekaServerApplication.main(EurekaServerApplication.java:15)
Caused by: org.springframework.boot.web.server.WebServerException: Unable to start embedded Tomcat
	at org.springframework.boot.web.embedded.tomcat.TomcatWebServer.initialize(TomcatWebServer.java:125)
	at org.springframework.boot.web.embedded.tomcat.TomcatWebServer.<init>(TomcatWebServer.java:86)
	at org.springframework.boot.web.embedded.tomcat.TomcatServletWebServerFactory.getTomcatWebServer(TomcatServletWebServerFactory.java:417)
	at org.springframework.boot.web.embedded.tomcat.TomcatServletWebServerFactory.getWebServer(TomcatServletWebServerFactory.java:176)
	at org.springframework.boot.web.servlet.context.ServletWebServerApplicationContext.createWebServer(ServletWebServerApplicationContext.java:179)
	at org.springframework.boot.web.servlet.context.ServletWebServerApplicationContext.onRefresh(ServletWebServerApplicationContext.java:152)
	... 8 common frames omitted
Caused by: java.lang.IllegalStateException: StandardEngine[Tomcat].StandardHost[localhost].TomcatEmbeddedContext[] failed to start
	at org.springframework.boot.web.embedded.tomcat.TomcatWebServer.rethrowDeferredStartupExceptions(TomcatWebServer.java:171)
	at org.springframework.boot.web.embedded.tomcat.TomcatWebServer.initialize(TomcatWebServer.java:110)
	... 13 common frames omitted
2018-06-21 13:13:21.371 [main] INFO  o.s.c.a.AnnotationConfigApplicationContext --- Refreshing org.springframework.context.annotation.AnnotationConfigApplicationContext@6986bbaf: startup date [Thu Jun 21 13:13:21 CST 2018]; root of context hierarchy
2018-06-21 13:13:22.092 [main] INFO  o.s.b.f.a.AutowiredAnnotationBeanPostProcessor --- JSR-330 'javax.inject.Inject' annotation found and supported for autowiring
2018-06-21 13:13:22.292 [main] INFO  o.s.c.s.PostProcessorRegistrationDelegate$BeanPostProcessorChecker --- Bean 'configurationPropertiesRebinderAutoConfiguration' of type [org.springframework.cloud.autoconfigure.ConfigurationPropertiesRebinderAutoConfiguration$$EnhancerBySpringCGLIB$$e9292671] is not eligible for getting processed by all BeanPostProcessors (for example: not eligible for auto-proxying)
2018-06-21 13:13:23.240 [main] INFO  com.pine.soft.EurekaServerApplication --- The following profiles are active: dev
2018-06-21 13:13:23.273 [main] INFO  o.s.b.w.s.c.AnnotationConfigServletWebServerApplicationContext --- Refreshing org.springframework.boot.web.servlet.context.AnnotationConfigServletWebServerApplicationContext@31be6b49: startup date [Thu Jun 21 13:13:23 CST 2018]; parent: org.springframework.context.annotation.AnnotationConfigApplicationContext@6986bbaf
2018-06-21 13:13:24.446 [main] INFO  o.s.b.factory.support.DefaultListableBeanFactory --- Overriding bean definition for bean 'environmentWebEndpointExtension' with a different definition: replacing [Root bean: class [null]; scope=; abstract=false; lazyInit=false; autowireMode=3; dependencyCheck=0; autowireCandidate=true; primary=false; factoryBeanName=org.springframework.boot.actuate.autoconfigure.env.EnvironmentEndpointAutoConfiguration; factoryMethodName=environmentWebEndpointExtension; initMethodName=null; destroyMethodName=(inferred); defined in class path resource [org/springframework/boot/actuate/autoconfigure/env/EnvironmentEndpointAutoConfiguration.class]] with [Root bean: class [null]; scope=; abstract=false; lazyInit=false; autowireMode=3; dependencyCheck=0; autowireCandidate=true; primary=false; factoryBeanName=org.springframework.cloud.autoconfigure.LifecycleMvcEndpointAutoConfiguration$EndpointConfiguration; factoryMethodName=environmentWebEndpointExtension; initMethodName=null; destroyMethodName=(inferred); defined in class path resource [org/springframework/cloud/autoconfigure/LifecycleMvcEndpointAutoConfiguration$EndpointConfiguration.class]]
2018-06-21 13:13:25.017 [main] INFO  o.springframework.cloud.context.scope.GenericScope --- BeanFactory id=49044a47-f543-344c-802b-623cc5228015
2018-06-21 13:13:25.053 [main] INFO  o.s.b.f.a.AutowiredAnnotationBeanPostProcessor --- JSR-330 'javax.inject.Inject' annotation found and supported for autowiring
2018-06-21 13:13:25.273 [main] INFO  o.s.c.s.PostProcessorRegistrationDelegate$BeanPostProcessorChecker --- Bean 'org.springframework.cloud.autoconfigure.ConfigurationPropertiesRebinderAutoConfiguration' of type [org.springframework.cloud.autoconfigure.ConfigurationPropertiesRebinderAutoConfiguration$$EnhancerBySpringCGLIB$$e9292671] is not eligible for getting processed by all BeanPostProcessors (for example: not eligible for auto-proxying)
2018-06-21 13:13:26.116 [main] INFO  o.s.boot.web.embedded.tomcat.TomcatWebServer --- Tomcat initialized with port(s): 8100 (http)
2018-06-21 13:13:26.139 [main] INFO  org.apache.coyote.http11.Http11NioProtocol --- Initializing ProtocolHandler ["http-nio-8100"]
2018-06-21 13:13:26.170 [main] INFO  org.apache.catalina.core.StandardService --- Starting service [Tomcat]
2018-06-21 13:13:26.171 [main] INFO  org.apache.catalina.core.StandardEngine --- Starting Servlet Engine: Apache Tomcat/8.5.28
2018-06-21 13:13:26.185 [localhost-startStop-1] INFO  org.apache.catalina.core.AprLifecycleListener --- The APR based Apache Tomcat Native library which allows optimal performance in production environments was not found on the java.library.path: [D:\Program Files\java\jre-10.0.1\bin;C:\WINDOWS\Sun\Java\bin;C:\WINDOWS\system32;C:\WINDOWS;C:\Program Files (x86)\Common Files\Oracle\Java\javapath;C:\Program Files (x86)\Intel\iCLS Client\;C:\Program Files\Intel\iCLS Client\;C:\WINDOWS\system32;C:\WINDOWS;C:\WINDOWS\System32\Wbem;C:\WINDOWS\System32\WindowsPowerShell\v1.0\;C:\Program Files\Intel\WiFi\bin\;C:\Program Files\Common Files\Intel\WirelessCommon\;C:\Program Files (x86)\Intel\UCRT\;C:\Program Files\Intel\UCRT\;C:\Program Files (x86)\Intel\Intel(R) Management Engine Components\DAL;C:\Program Files\Intel\Intel(R) Management Engine Components\DAL;C:\Program Files (x86)\Intel\Intel(R) Management Engine Components\IPT;C:\Program Files\Intel\Intel(R) Management Engine Components\IPT;C:\WINDOWS\System32\OpenSSH\;D:\Program Files\java\jdk-10.0.1\bin;D:\Program Files\java\jre-10.0.1\bin;D:\Program Files\Git\cmd;C:\Users\yangs\AppData\Local\Microsoft\WindowsApps;;.]
2018-06-21 13:13:26.599 [localhost-startStop-1] INFO  o.a.c.core.ContainerBase.[Tomcat].[localhost].[/] --- Initializing Spring embedded WebApplicationContext
2018-06-21 13:13:26.600 [localhost-startStop-1] INFO  org.springframework.web.context.ContextLoader --- Root WebApplicationContext: initialization completed in 3327 ms
2018-06-21 13:13:29.604 [localhost-startStop-1] INFO  o.s.boot.web.servlet.FilterRegistrationBean --- Mapping filter: 'characterEncodingFilter' to: [/*]
2018-06-21 13:13:29.605 [localhost-startStop-1] INFO  o.s.boot.web.servlet.FilterRegistrationBean --- Mapping filter: 'hiddenHttpMethodFilter' to: [/*]
2018-06-21 13:13:29.606 [localhost-startStop-1] INFO  o.s.boot.web.servlet.FilterRegistrationBean --- Mapping filter: 'httpPutFormContentFilter' to: [/*]
2018-06-21 13:13:29.606 [localhost-startStop-1] INFO  o.s.boot.web.servlet.FilterRegistrationBean --- Mapping filter: 'requestContextFilter' to: [/*]
2018-06-21 13:13:29.607 [localhost-startStop-1] INFO  o.s.boot.web.servlet.FilterRegistrationBean --- Mapping filter: 'httpTraceFilter' to: [/*]
2018-06-21 13:13:29.607 [localhost-startStop-1] INFO  o.s.boot.web.servlet.FilterRegistrationBean --- Mapping filter: 'webMvcMetricsFilter' to: [/*]
2018-06-21 13:13:29.607 [localhost-startStop-1] INFO  o.s.boot.web.servlet.FilterRegistrationBean --- Mapping filter: 'servletContainer' to urls: [/eureka/*]
2018-06-21 13:13:29.608 [localhost-startStop-1] INFO  o.s.boot.web.servlet.ServletRegistrationBean --- Servlet dispatcherServlet mapped to [/]
2018-06-21 13:13:29.780 [localhost-startStop-1] INFO  c.s.j.server.impl.application.WebApplicationImpl --- Initiating Jersey application, version 'Jersey: 1.19.1 03/11/2016 02:08 PM'
2018-06-21 13:13:29.888 [localhost-startStop-1] ERROR o.a.c.core.ContainerBase.[Tomcat].[localhost].[/] --- Exception starting filter [servletContainer]
java.lang.TypeNotPresentException: Type javax.xml.bind.JAXBContext not present
	at java.base/sun.reflect.generics.factory.CoreReflectionFactory.makeNamedType(Unknown Source)
	at java.base/sun.reflect.generics.visitor.Reifier.visitClassTypeSignature(Unknown Source)
	at java.base/sun.reflect.generics.tree.ClassTypeSignature.accept(Unknown Source)
	at java.base/sun.reflect.generics.visitor.Reifier.reifyTypeArguments(Unknown Source)
	at java.base/sun.reflect.generics.visitor.Reifier.visitClassTypeSignature(Unknown Source)
	at java.base/sun.reflect.generics.tree.ClassTypeSignature.accept(Unknown Source)
	at java.base/sun.reflect.generics.repository.ClassRepository.computeSuperInterfaces(Unknown Source)
	at java.base/sun.reflect.generics.repository.ClassRepository.getSuperInterfaces(Unknown Source)
	at java.base/java.lang.Class.getGenericInterfaces(Unknown Source)
	at com.sun.jersey.core.reflection.ReflectionHelper.getClass(ReflectionHelper.java:629)
	at com.sun.jersey.core.reflection.ReflectionHelper.getClass(ReflectionHelper.java:625)
	at com.sun.jersey.core.spi.factory.ContextResolverFactory.getParameterizedType(ContextResolverFactory.java:202)
	at com.sun.jersey.core.spi.factory.ContextResolverFactory.init(ContextResolverFactory.java:89)
	at com.sun.jersey.server.impl.application.WebApplicationImpl._initiate(WebApplicationImpl.java:1332)
	at com.sun.jersey.server.impl.application.WebApplicationImpl.access$700(WebApplicationImpl.java:180)
	at com.sun.jersey.server.impl.application.WebApplicationImpl$13.f(WebApplicationImpl.java:799)
	at com.sun.jersey.server.impl.application.WebApplicationImpl$13.f(WebApplicationImpl.java:795)
	at com.sun.jersey.spi.inject.Errors.processWithErrors(Errors.java:193)
	at com.sun.jersey.server.impl.application.WebApplicationImpl.initiate(WebApplicationImpl.java:795)
	at com.sun.jersey.server.impl.application.WebApplicationImpl.initiate(WebApplicationImpl.java:790)
	at com.sun.jersey.spi.container.servlet.ServletContainer.initiate(ServletContainer.java:509)
	at com.sun.jersey.spi.container.servlet.ServletContainer$InternalWebComponent.initiate(ServletContainer.java:339)
	at com.sun.jersey.spi.container.servlet.WebComponent.load(WebComponent.java:605)
	at com.sun.jersey.spi.container.servlet.WebComponent.init(WebComponent.java:207)
	at com.sun.jersey.spi.container.servlet.ServletContainer.init(ServletContainer.java:394)
	at com.sun.jersey.spi.container.servlet.ServletContainer.init(ServletContainer.java:744)
	at org.apache.catalina.core.ApplicationFilterConfig.initFilter(ApplicationFilterConfig.java:285)
	at org.apache.catalina.core.ApplicationFilterConfig.<init>(ApplicationFilterConfig.java:112)
	at org.apache.catalina.core.StandardContext.filterStart(StandardContext.java:4599)
	at org.apache.catalina.core.StandardContext.startInternal(StandardContext.java:5241)
	at org.apache.catalina.util.LifecycleBase.start(LifecycleBase.java:150)
	at org.apache.catalina.core.ContainerBase$StartChild.call(ContainerBase.java:1419)
	at org.apache.catalina.core.ContainerBase$StartChild.call(ContainerBase.java:1409)
	at java.base/java.util.concurrent.FutureTask.run(Unknown Source)
	at java.base/java.util.concurrent.ThreadPoolExecutor.runWorker(Unknown Source)
	at java.base/java.util.concurrent.ThreadPoolExecutor$Worker.run(Unknown Source)
	at java.base/java.lang.Thread.run(Unknown Source)
Caused by: java.lang.ClassNotFoundException: javax.xml.bind.JAXBContext
	at java.base/jdk.internal.loader.BuiltinClassLoader.loadClass(Unknown Source)
	at java.base/jdk.internal.loader.ClassLoaders$AppClassLoader.loadClass(Unknown Source)
	at java.base/java.lang.ClassLoader.loadClass(Unknown Source)
	at java.base/java.lang.Class.forName0(Native Method)
	at java.base/java.lang.Class.forName(Unknown Source)
	... 37 common frames omitted
2018-06-21 13:13:29.890 [localhost-startStop-1] ERROR org.apache.catalina.core.StandardContext --- One or more Filters failed to start. Full details will be found in the appropriate container log file
2018-06-21 13:13:29.891 [localhost-startStop-1] ERROR org.apache.catalina.core.StandardContext --- Context [] startup failed due to previous errors
2018-06-21 13:13:29.903 [localhost-startStop-1] WARN  org.apache.catalina.loader.WebappClassLoaderBase --- The web application [ROOT] appears to have started a thread named [spring.cloud.inetutils] but has failed to stop it. This is very likely to create a memory leak. Stack trace of thread:
 java.base@10.0.1/jdk.internal.misc.Unsafe.park(Native Method)
 java.base@10.0.1/java.util.concurrent.locks.LockSupport.park(Unknown Source)
 java.base@10.0.1/java.util.concurrent.locks.AbstractQueuedSynchronizer$ConditionObject.await(Unknown Source)
 java.base@10.0.1/java.util.concurrent.LinkedBlockingQueue.take(Unknown Source)
 java.base@10.0.1/java.util.concurrent.ThreadPoolExecutor.getTask(Unknown Source)
 java.base@10.0.1/java.util.concurrent.ThreadPoolExecutor.runWorker(Unknown Source)
 java.base@10.0.1/java.util.concurrent.ThreadPoolExecutor$Worker.run(Unknown Source)
 java.base@10.0.1/java.lang.Thread.run(Unknown Source)
2018-06-21 13:13:29.921 [main] INFO  org.apache.coyote.http11.Http11NioProtocol --- Starting ProtocolHandler ["http-nio-8100"]
2018-06-21 13:13:29.942 [main] INFO  org.apache.tomcat.util.net.NioSelectorPool --- Using a shared selector for servlet write/read
2018-06-21 13:13:29.992 [main] WARN  o.s.b.w.s.c.AnnotationConfigServletWebServerApplicationContext --- Exception encountered during context initialization - cancelling refresh attempt: org.springframework.context.ApplicationContextException: Unable to start web server; nested exception is org.springframework.boot.web.server.WebServerException: Unable to start embedded Tomcat
2018-06-21 13:13:29.997 [main] WARN  o.s.beans.factory.support.DisposableBeanAdapter --- Invocation of destroy method 'close' failed on bean with name 'eurekaRegistration': org.springframework.beans.factory.BeanCreationNotAllowedException: Error creating bean with name 'org.springframework.cloud.netflix.eureka.EurekaClientAutoConfiguration$RefreshableEurekaClientConfiguration': Singleton bean creation not allowed while singletons of this factory are in destruction (Do not request a bean from a BeanFactory in a destroy method implementation!)
2018-06-21 13:13:30.034 [main] INFO  o.s.b.a.l.ConditionEvaluationReportLoggingListener --- 

Error starting ApplicationContext. To display the conditions report re-run your application with 'debug' enabled.
2018-06-21 13:13:30.036 [main] ERROR org.springframework.boot.SpringApplication --- Application run failed
org.springframework.context.ApplicationContextException: Unable to start web server; nested exception is org.springframework.boot.web.server.WebServerException: Unable to start embedded Tomcat
	at org.springframework.boot.web.servlet.context.ServletWebServerApplicationContext.onRefresh(ServletWebServerApplicationContext.java:155)
	at org.springframework.context.support.AbstractApplicationContext.refresh(AbstractApplicationContext.java:543)
	at org.springframework.boot.web.servlet.context.ServletWebServerApplicationContext.refresh(ServletWebServerApplicationContext.java:140)
	at org.springframework.boot.SpringApplication.refresh(SpringApplication.java:752)
	at org.springframework.boot.SpringApplication.refreshContext(SpringApplication.java:388)
	at org.springframework.boot.SpringApplication.run(SpringApplication.java:327)
	at org.springframework.boot.SpringApplication.run(SpringApplication.java:1246)
	at org.springframework.boot.SpringApplication.run(SpringApplication.java:1234)
	at com.pine.soft.EurekaServerApplication.main(EurekaServerApplication.java:15)
Caused by: org.springframework.boot.web.server.WebServerException: Unable to start embedded Tomcat
	at org.springframework.boot.web.embedded.tomcat.TomcatWebServer.initialize(TomcatWebServer.java:125)
	at org.springframework.boot.web.embedded.tomcat.TomcatWebServer.<init>(TomcatWebServer.java:86)
	at org.springframework.boot.web.embedded.tomcat.TomcatServletWebServerFactory.getTomcatWebServer(TomcatServletWebServerFactory.java:417)
	at org.springframework.boot.web.embedded.tomcat.TomcatServletWebServerFactory.getWebServer(TomcatServletWebServerFactory.java:176)
	at org.springframework.boot.web.servlet.context.ServletWebServerApplicationContext.createWebServer(ServletWebServerApplicationContext.java:179)
	at org.springframework.boot.web.servlet.context.ServletWebServerApplicationContext.onRefresh(ServletWebServerApplicationContext.java:152)
	... 8 common frames omitted
Caused by: java.lang.IllegalStateException: StandardEngine[Tomcat].StandardHost[localhost].TomcatEmbeddedContext[] failed to start
	at org.springframework.boot.web.embedded.tomcat.TomcatWebServer.rethrowDeferredStartupExceptions(TomcatWebServer.java:171)
	at org.springframework.boot.web.embedded.tomcat.TomcatWebServer.initialize(TomcatWebServer.java:110)
	... 13 common frames omitted
2018-06-21 13:17:42.457 [main] INFO  o.s.c.a.AnnotationConfigApplicationContext --- Refreshing org.springframework.context.annotation.AnnotationConfigApplicationContext@17aad511: startup date [Thu Jun 21 13:17:42 CST 2018]; root of context hierarchy
2018-06-21 13:17:42.911 [main] INFO  o.s.b.f.a.AutowiredAnnotationBeanPostProcessor --- JSR-330 'javax.inject.Inject' annotation found and supported for autowiring
2018-06-21 13:17:43.030 [main] INFO  o.s.c.s.PostProcessorRegistrationDelegate$BeanPostProcessorChecker --- Bean 'configurationPropertiesRebinderAutoConfiguration' of type [org.springframework.cloud.autoconfigure.ConfigurationPropertiesRebinderAutoConfiguration$$EnhancerBySpringCGLIB$$c38b3b7f] is not eligible for getting processed by all BeanPostProcessors (for example: not eligible for auto-proxying)
2018-06-21 13:17:43.958 [main] INFO  com.pine.soft.EurekaServerApplication --- The following profiles are active: dev
2018-06-21 13:17:43.988 [main] INFO  o.s.b.w.s.c.AnnotationConfigServletWebServerApplicationContext --- Refreshing org.springframework.boot.web.servlet.context.AnnotationConfigServletWebServerApplicationContext@181d7f28: startup date [Thu Jun 21 13:17:43 CST 2018]; parent: org.springframework.context.annotation.AnnotationConfigApplicationContext@17aad511
2018-06-21 13:17:45.063 [main] INFO  o.s.b.factory.support.DefaultListableBeanFactory --- Overriding bean definition for bean 'environmentWebEndpointExtension' with a different definition: replacing [Root bean: class [null]; scope=; abstract=false; lazyInit=false; autowireMode=3; dependencyCheck=0; autowireCandidate=true; primary=false; factoryBeanName=org.springframework.boot.actuate.autoconfigure.env.EnvironmentEndpointAutoConfiguration; factoryMethodName=environmentWebEndpointExtension; initMethodName=null; destroyMethodName=(inferred); defined in class path resource [org/springframework/boot/actuate/autoconfigure/env/EnvironmentEndpointAutoConfiguration.class]] with [Root bean: class [null]; scope=; abstract=false; lazyInit=false; autowireMode=3; dependencyCheck=0; autowireCandidate=true; primary=false; factoryBeanName=org.springframework.cloud.autoconfigure.LifecycleMvcEndpointAutoConfiguration$EndpointConfiguration; factoryMethodName=environmentWebEndpointExtension; initMethodName=null; destroyMethodName=(inferred); defined in class path resource [org/springframework/cloud/autoconfigure/LifecycleMvcEndpointAutoConfiguration$EndpointConfiguration.class]]
2018-06-21 13:17:45.645 [main] INFO  o.springframework.cloud.context.scope.GenericScope --- BeanFactory id=49044a47-f543-344c-802b-623cc5228015
2018-06-21 13:17:45.682 [main] INFO  o.s.b.f.a.AutowiredAnnotationBeanPostProcessor --- JSR-330 'javax.inject.Inject' annotation found and supported for autowiring
2018-06-21 13:17:45.910 [main] INFO  o.s.c.s.PostProcessorRegistrationDelegate$BeanPostProcessorChecker --- Bean 'org.springframework.cloud.autoconfigure.ConfigurationPropertiesRebinderAutoConfiguration' of type [org.springframework.cloud.autoconfigure.ConfigurationPropertiesRebinderAutoConfiguration$$EnhancerBySpringCGLIB$$c38b3b7f] is not eligible for getting processed by all BeanPostProcessors (for example: not eligible for auto-proxying)
2018-06-21 13:17:46.751 [main] INFO  o.s.boot.web.embedded.tomcat.TomcatWebServer --- Tomcat initialized with port(s): 8100 (http)
2018-06-21 13:17:46.778 [main] INFO  org.apache.coyote.http11.Http11NioProtocol --- Initializing ProtocolHandler ["http-nio-8100"]
2018-06-21 13:17:46.808 [main] INFO  org.apache.catalina.core.StandardService --- Starting service [Tomcat]
2018-06-21 13:17:46.809 [main] INFO  org.apache.catalina.core.StandardEngine --- Starting Servlet Engine: Apache Tomcat/8.5.28
2018-06-21 13:17:46.830 [localhost-startStop-1] INFO  org.apache.catalina.core.AprLifecycleListener --- The APR based Apache Tomcat Native library which allows optimal performance in production environments was not found on the java.library.path: [D:\Program Files\java\jre-10.0.1\bin;C:\WINDOWS\Sun\Java\bin;C:\WINDOWS\system32;C:\WINDOWS;C:\Program Files (x86)\Common Files\Oracle\Java\javapath;C:\Program Files (x86)\Intel\iCLS Client\;C:\Program Files\Intel\iCLS Client\;C:\WINDOWS\system32;C:\WINDOWS;C:\WINDOWS\System32\Wbem;C:\WINDOWS\System32\WindowsPowerShell\v1.0\;C:\Program Files\Intel\WiFi\bin\;C:\Program Files\Common Files\Intel\WirelessCommon\;C:\Program Files (x86)\Intel\UCRT\;C:\Program Files\Intel\UCRT\;C:\Program Files (x86)\Intel\Intel(R) Management Engine Components\DAL;C:\Program Files\Intel\Intel(R) Management Engine Components\DAL;C:\Program Files (x86)\Intel\Intel(R) Management Engine Components\IPT;C:\Program Files\Intel\Intel(R) Management Engine Components\IPT;C:\WINDOWS\System32\OpenSSH\;D:\Program Files\java\jdk-10.0.1\bin;D:\Program Files\java\jre-10.0.1\bin;D:\Program Files\Git\cmd;C:\Users\yangs\AppData\Local\Microsoft\WindowsApps;;.]
2018-06-21 13:17:47.224 [localhost-startStop-1] INFO  o.a.c.core.ContainerBase.[Tomcat].[localhost].[/] --- Initializing Spring embedded WebApplicationContext
2018-06-21 13:17:47.225 [localhost-startStop-1] INFO  org.springframework.web.context.ContextLoader --- Root WebApplicationContext: initialization completed in 3237 ms
2018-06-21 13:17:50.241 [localhost-startStop-1] INFO  o.s.boot.web.servlet.FilterRegistrationBean --- Mapping filter: 'characterEncodingFilter' to: [/*]
2018-06-21 13:17:50.242 [localhost-startStop-1] INFO  o.s.boot.web.servlet.FilterRegistrationBean --- Mapping filter: 'hiddenHttpMethodFilter' to: [/*]
2018-06-21 13:17:50.243 [localhost-startStop-1] INFO  o.s.boot.web.servlet.FilterRegistrationBean --- Mapping filter: 'httpPutFormContentFilter' to: [/*]
2018-06-21 13:17:50.244 [localhost-startStop-1] INFO  o.s.boot.web.servlet.FilterRegistrationBean --- Mapping filter: 'requestContextFilter' to: [/*]
2018-06-21 13:17:50.245 [localhost-startStop-1] INFO  o.s.boot.web.servlet.FilterRegistrationBean --- Mapping filter: 'httpTraceFilter' to: [/*]
2018-06-21 13:17:50.245 [localhost-startStop-1] INFO  o.s.boot.web.servlet.FilterRegistrationBean --- Mapping filter: 'webMvcMetricsFilter' to: [/*]
2018-06-21 13:17:50.245 [localhost-startStop-1] INFO  o.s.boot.web.servlet.FilterRegistrationBean --- Mapping filter: 'servletContainer' to urls: [/eureka/*]
2018-06-21 13:17:50.246 [localhost-startStop-1] INFO  o.s.boot.web.servlet.ServletRegistrationBean --- Servlet dispatcherServlet mapped to [/]
2018-06-21 13:17:50.383 [localhost-startStop-1] INFO  c.s.j.server.impl.application.WebApplicationImpl --- Initiating Jersey application, version 'Jersey: 1.19.1 03/11/2016 02:08 PM'
2018-06-21 13:17:50.497 [localhost-startStop-1] INFO  c.n.discovery.provider.DiscoveryJerseyProvider --- Using JSON encoding codec LegacyJacksonJson
2018-06-21 13:17:50.499 [localhost-startStop-1] INFO  c.n.discovery.provider.DiscoveryJerseyProvider --- Using JSON decoding codec LegacyJacksonJson
2018-06-21 13:17:50.698 [localhost-startStop-1] INFO  c.n.discovery.provider.DiscoveryJerseyProvider --- Using XML encoding codec XStreamXml
2018-06-21 13:17:50.698 [localhost-startStop-1] INFO  c.n.discovery.provider.DiscoveryJerseyProvider --- Using XML decoding codec XStreamXml
2018-06-21 13:17:51.591 [main] WARN  com.netflix.config.sources.URLConfigurationSource --- No URLs will be polled as dynamic configuration sources.
2018-06-21 13:17:51.593 [main] INFO  com.netflix.config.sources.URLConfigurationSource --- To enable URLs as dynamic configuration sources, define System property archaius.configurationSource.additionalUrls or make config.properties available on classpath.
2018-06-21 13:17:51.603 [main] WARN  com.netflix.config.sources.URLConfigurationSource --- No URLs will be polled as dynamic configuration sources.
2018-06-21 13:17:51.603 [main] INFO  com.netflix.config.sources.URLConfigurationSource --- To enable URLs as dynamic configuration sources, define System property archaius.configurationSource.additionalUrls or make config.properties available on classpath.
2018-06-21 13:17:51.940 [main] INFO  o.s.w.s.m.m.a.RequestMappingHandlerAdapter --- Looking for @ControllerAdvice: org.springframework.boot.web.servlet.context.AnnotationConfigServletWebServerApplicationContext@181d7f28: startup date [Thu Jun 21 13:17:43 CST 2018]; parent: org.springframework.context.annotation.AnnotationConfigApplicationContext@17aad511
2018-06-21 13:17:52.059 [main] INFO  o.s.w.s.m.m.a.RequestMappingHandlerMapping --- Mapped "{[/error]}" onto public org.springframework.http.ResponseEntity<java.util.Map<java.lang.String, java.lang.Object>> org.springframework.boot.autoconfigure.web.servlet.error.BasicErrorController.error(javax.servlet.http.HttpServletRequest)
2018-06-21 13:17:52.062 [main] INFO  o.s.w.s.m.m.a.RequestMappingHandlerMapping --- Mapped "{[/error],produces=[text/html]}" onto public org.springframework.web.servlet.ModelAndView org.springframework.boot.autoconfigure.web.servlet.error.BasicErrorController.errorHtml(javax.servlet.http.HttpServletRequest,javax.servlet.http.HttpServletResponse)
2018-06-21 13:17:52.070 [main] INFO  o.s.w.s.m.m.a.RequestMappingHandlerMapping --- Mapped "{[/],methods=[GET]}" onto public java.lang.String org.springframework.cloud.netflix.eureka.server.EurekaController.status(javax.servlet.http.HttpServletRequest,java.util.Map<java.lang.String, java.lang.Object>)
2018-06-21 13:17:52.070 [main] INFO  o.s.w.s.m.m.a.RequestMappingHandlerMapping --- Mapped "{[/lastn],methods=[GET]}" onto public java.lang.String org.springframework.cloud.netflix.eureka.server.EurekaController.lastn(javax.servlet.http.HttpServletRequest,java.util.Map<java.lang.String, java.lang.Object>)
2018-06-21 13:17:52.158 [main] INFO  o.s.web.servlet.handler.SimpleUrlHandlerMapping --- Mapped URL path [/webjars/**] onto handler of type [class org.springframework.web.servlet.resource.ResourceHttpRequestHandler]
2018-06-21 13:17:52.159 [main] INFO  o.s.web.servlet.handler.SimpleUrlHandlerMapping --- Mapped URL path [/**] onto handler of type [class org.springframework.web.servlet.resource.ResourceHttpRequestHandler]
2018-06-21 13:17:52.259 [main] INFO  o.s.web.servlet.handler.SimpleUrlHandlerMapping --- Mapped URL path [/**/favicon.ico] onto handler of type [class org.springframework.web.servlet.resource.ResourceHttpRequestHandler]
2018-06-21 13:17:52.868 [main] INFO  o.s.ui.freemarker.SpringTemplateLoader --- SpringTemplateLoader for FreeMarker: using resource loader [org.springframework.boot.web.servlet.context.AnnotationConfigServletWebServerApplicationContext@181d7f28: startup date [Thu Jun 21 13:17:43 CST 2018]; parent: org.springframework.context.annotation.AnnotationConfigApplicationContext@17aad511] and template loader path [classpath:/templates/]
2018-06-21 13:17:52.869 [main] INFO  o.s.w.servlet.view.freemarker.FreeMarkerConfigurer --- ClassTemplateLoader for Spring macros added to FreeMarker configuration
2018-06-21 13:17:53.241 [main] INFO  o.s.cloud.netflix.eureka.InstanceInfoFactory --- Setting initial instance status as: STARTING
2018-06-21 13:17:53.295 [main] INFO  com.netflix.discovery.DiscoveryClient --- Initializing Eureka in region us-east-1
2018-06-21 13:17:53.295 [main] INFO  com.netflix.discovery.DiscoveryClient --- Client configured to neither register nor query for data.
2018-06-21 13:17:53.307 [main] INFO  com.netflix.discovery.DiscoveryClient --- Discovery Client initialized at timestamp 1529558273306 with initial instances count: 0
2018-06-21 13:17:53.380 [main] INFO  com.netflix.eureka.DefaultEurekaServerContext --- Initializing ...
2018-06-21 13:17:53.384 [main] WARN  com.netflix.eureka.cluster.PeerEurekaNodes --- The replica size seems to be empty. Check the route 53 DNS Registry
2018-06-21 13:17:53.427 [main] INFO  c.netflix.eureka.registry.AbstractInstanceRegistry --- Finished initializing remote region registries. All known remote regions: []
2018-06-21 13:17:53.430 [main] INFO  com.netflix.eureka.DefaultEurekaServerContext --- Initialized
2018-06-21 13:17:53.543 [main] INFO  o.s.b.a.e.web.servlet.WebMvcEndpointHandlerMapping --- Mapped "{[/actuator/health],methods=[GET],produces=[application/vnd.spring-boot.actuator.v2+json || application/json]}" onto public java.lang.Object org.springframework.boot.actuate.endpoint.web.servlet.AbstractWebMvcEndpointHandlerMapping$OperationHandler.handle(javax.servlet.http.HttpServletRequest,java.util.Map<java.lang.String, java.lang.String>)
2018-06-21 13:17:53.544 [main] INFO  o.s.b.a.e.web.servlet.WebMvcEndpointHandlerMapping --- Mapped "{[/actuator/info],methods=[GET],produces=[application/vnd.spring-boot.actuator.v2+json || application/json]}" onto public java.lang.Object org.springframework.boot.actuate.endpoint.web.servlet.AbstractWebMvcEndpointHandlerMapping$OperationHandler.handle(javax.servlet.http.HttpServletRequest,java.util.Map<java.lang.String, java.lang.String>)
2018-06-21 13:17:53.546 [main] INFO  o.s.b.a.e.web.servlet.WebMvcEndpointHandlerMapping --- Mapped "{[/actuator],methods=[GET],produces=[application/vnd.spring-boot.actuator.v2+json || application/json]}" onto protected java.util.Map<java.lang.String, java.util.Map<java.lang.String, org.springframework.boot.actuate.endpoint.web.Link>> org.springframework.boot.actuate.endpoint.web.servlet.WebMvcEndpointHandlerMapping.links(javax.servlet.http.HttpServletRequest,javax.servlet.http.HttpServletResponse)
2018-06-21 13:17:53.724 [main] INFO  o.s.jmx.export.annotation.AnnotationMBeanExporter --- Registering beans for JMX exposure on startup
2018-06-21 13:17:53.755 [main] INFO  o.s.jmx.export.annotation.AnnotationMBeanExporter --- Bean with name 'configurationPropertiesRebinder' has been autodetected for JMX exposure
2018-06-21 13:17:53.756 [main] INFO  o.s.jmx.export.annotation.AnnotationMBeanExporter --- Bean with name 'environmentManager' has been autodetected for JMX exposure
2018-06-21 13:17:53.758 [main] INFO  o.s.jmx.export.annotation.AnnotationMBeanExporter --- Bean with name 'refreshScope' has been autodetected for JMX exposure
2018-06-21 13:17:53.762 [main] INFO  o.s.jmx.export.annotation.AnnotationMBeanExporter --- Located managed bean 'environmentManager': registering with JMX server as MBean [org.springframework.cloud.context.environment:name=environmentManager,type=EnvironmentManager]
2018-06-21 13:17:53.775 [main] INFO  o.s.jmx.export.annotation.AnnotationMBeanExporter --- Located managed bean 'refreshScope': registering with JMX server as MBean [org.springframework.cloud.context.scope.refresh:name=refreshScope,type=RefreshScope]
2018-06-21 13:17:53.791 [main] INFO  o.s.jmx.export.annotation.AnnotationMBeanExporter --- Located managed bean 'configurationPropertiesRebinder': registering with JMX server as MBean [org.springframework.cloud.context.properties:name=configurationPropertiesRebinder,context=181d7f28,type=ConfigurationPropertiesRebinder]
2018-06-21 13:17:53.810 [main] INFO  o.s.context.support.DefaultLifecycleProcessor --- Starting beans in phase 0
2018-06-21 13:17:53.810 [main] INFO  o.s.c.n.e.serviceregistry.EurekaServiceRegistry --- Registering application pinesoft-eureka-server with eureka with status UP
2018-06-21 13:17:53.819 [Thread-12] INFO  o.s.c.netflix.eureka.server.EurekaServerBootstrap --- Setting the eureka configuration..
2018-06-21 13:17:53.826 [Thread-12] INFO  o.s.c.netflix.eureka.server.EurekaServerBootstrap --- Eureka data center value eureka.datacenter is not set, defaulting to default
2018-06-21 13:17:53.826 [Thread-12] INFO  o.s.c.netflix.eureka.server.EurekaServerBootstrap --- Eureka environment value eureka.environment is not set, defaulting to test
2018-06-21 13:17:53.850 [Thread-12] INFO  o.s.c.netflix.eureka.server.EurekaServerBootstrap --- isAws returned false
2018-06-21 13:17:53.852 [Thread-12] INFO  o.s.c.netflix.eureka.server.EurekaServerBootstrap --- Initialized server context
2018-06-21 13:17:53.852 [Thread-12] INFO  c.n.eureka.registry.PeerAwareInstanceRegistryImpl --- Got 1 instances from neighboring DS node
2018-06-21 13:17:53.852 [Thread-12] INFO  c.n.eureka.registry.PeerAwareInstanceRegistryImpl --- Renew threshold is: 1
2018-06-21 13:17:53.852 [Thread-12] INFO  c.n.eureka.registry.PeerAwareInstanceRegistryImpl --- Changing status to UP
2018-06-21 13:17:53.854 [main] INFO  org.apache.coyote.http11.Http11NioProtocol --- Starting ProtocolHandler ["http-nio-8100"]
2018-06-21 13:17:53.873 [Thread-12] INFO  o.s.c.n.e.s.EurekaServerInitializerConfiguration --- Started Eureka Server
2018-06-21 13:17:53.885 [main] INFO  org.apache.tomcat.util.net.NioSelectorPool --- Using a shared selector for servlet write/read
2018-06-21 13:17:53.917 [main] INFO  o.s.boot.web.embedded.tomcat.TomcatWebServer --- Tomcat started on port(s): 8100 (http) with context path ''
2018-06-21 13:17:53.920 [main] INFO  o.s.c.n.e.s.EurekaAutoServiceRegistration --- Updating port to 8100
2018-06-21 13:17:53.924 [main] INFO  com.pine.soft.EurekaServerApplication --- Started EurekaServerApplication in 13.08 seconds (JVM running for 14.269)
2018-06-21 13:18:23.980 [http-nio-8100-exec-10] INFO  o.a.c.core.ContainerBase.[Tomcat].[localhost].[/] --- Initializing Spring FrameworkServlet 'dispatcherServlet'
2018-06-21 13:18:23.981 [http-nio-8100-exec-10] INFO  org.springframework.web.servlet.DispatcherServlet --- FrameworkServlet 'dispatcherServlet': initialization started
2018-06-21 13:18:24.020 [http-nio-8100-exec-10] INFO  org.springframework.web.servlet.DispatcherServlet --- FrameworkServlet 'dispatcherServlet': initialization completed in 36 ms
2018-06-21 13:18:53.854 [Eureka-EvictionTimer] INFO  c.netflix.eureka.registry.AbstractInstanceRegistry --- Running the evict task with compensationTime 0ms
2018-06-21 13:19:53.854 [Eureka-EvictionTimer] INFO  c.netflix.eureka.registry.AbstractInstanceRegistry --- Running the evict task with compensationTime 0ms
2018-06-21 13:20:53.854 [Eureka-EvictionTimer] INFO  c.netflix.eureka.registry.AbstractInstanceRegistry --- Running the evict task with compensationTime 0ms
2018-06-21 13:21:53.854 [Eureka-EvictionTimer] INFO  c.netflix.eureka.registry.AbstractInstanceRegistry --- Running the evict task with compensationTime 0ms
2018-06-21 13:22:53.854 [Eureka-EvictionTimer] INFO  c.netflix.eureka.registry.AbstractInstanceRegistry --- Running the evict task with compensationTime 0ms
2018-06-21 13:23:53.854 [Eureka-EvictionTimer] INFO  c.netflix.eureka.registry.AbstractInstanceRegistry --- Running the evict task with compensationTime 0ms
2018-06-21 13:24:53.855 [Eureka-EvictionTimer] INFO  c.netflix.eureka.registry.AbstractInstanceRegistry --- Running the evict task with compensationTime 1ms
2018-06-21 13:25:53.855 [Eureka-EvictionTimer] INFO  c.netflix.eureka.registry.AbstractInstanceRegistry --- Running the evict task with compensationTime 0ms
2018-06-21 13:26:53.856 [Eureka-EvictionTimer] INFO  c.netflix.eureka.registry.AbstractInstanceRegistry --- Running the evict task with compensationTime 0ms
2018-06-21 13:27:53.387 [Eureka-PeerNodesUpdater] WARN  com.netflix.eureka.cluster.PeerEurekaNodes --- The replica size seems to be empty. Check the route 53 DNS Registry
2018-06-21 13:27:53.856 [Eureka-EvictionTimer] INFO  c.netflix.eureka.registry.AbstractInstanceRegistry --- Running the evict task with compensationTime 0ms
2018-06-21 13:28:53.857 [Eureka-EvictionTimer] INFO  c.netflix.eureka.registry.AbstractInstanceRegistry --- Running the evict task with compensationTime 0ms
2018-06-21 13:29:53.858 [Eureka-EvictionTimer] INFO  c.netflix.eureka.registry.AbstractInstanceRegistry --- Running the evict task with compensationTime 0ms
2018-06-21 13:30:53.858 [Eureka-EvictionTimer] INFO  c.netflix.eureka.registry.AbstractInstanceRegistry --- Running the evict task with compensationTime 0ms
2018-06-21 13:31:53.858 [Eureka-EvictionTimer] INFO  c.netflix.eureka.registry.AbstractInstanceRegistry --- Running the evict task with compensationTime 0ms
2018-06-21 13:32:53.427 [ReplicaAwareInstanceRegistry - RenewalThresholdUpdater] INFO  c.n.eureka.registry.PeerAwareInstanceRegistryImpl --- Current renewal threshold is : 0
2018-06-21 13:32:53.858 [Eureka-EvictionTimer] INFO  c.netflix.eureka.registry.AbstractInstanceRegistry --- Running the evict task with compensationTime 0ms
2018-06-21 13:33:53.859 [Eureka-EvictionTimer] INFO  c.netflix.eureka.registry.AbstractInstanceRegistry --- Running the evict task with compensationTime 1ms
2018-06-21 13:34:53.860 [Eureka-EvictionTimer] INFO  c.netflix.eureka.registry.AbstractInstanceRegistry --- Running the evict task with compensationTime 0ms
2018-06-21 13:35:53.861 [Eureka-EvictionTimer] INFO  c.netflix.eureka.registry.AbstractInstanceRegistry --- Running the evict task with compensationTime 1ms
2018-06-21 13:36:53.861 [Eureka-EvictionTimer] INFO  c.netflix.eureka.registry.AbstractInstanceRegistry --- Running the evict task with compensationTime 0ms
2018-06-21 13:37:53.391 [Eureka-PeerNodesUpdater] WARN  com.netflix.eureka.cluster.PeerEurekaNodes --- The replica size seems to be empty. Check the route 53 DNS Registry
2018-06-21 13:37:53.862 [Eureka-EvictionTimer] INFO  c.netflix.eureka.registry.AbstractInstanceRegistry --- Running the evict task with compensationTime 1ms
2018-06-21 13:38:53.862 [Eureka-EvictionTimer] INFO  c.netflix.eureka.registry.AbstractInstanceRegistry --- Running the evict task with compensationTime 0ms
2018-06-21 13:39:53.862 [Eureka-EvictionTimer] INFO  c.netflix.eureka.registry.AbstractInstanceRegistry --- Running the evict task with compensationTime 0ms
2018-06-21 13:40:53.862 [Eureka-EvictionTimer] INFO  c.netflix.eureka.registry.AbstractInstanceRegistry --- Running the evict task with compensationTime 0ms
2018-06-21 13:41:53.862 [Eureka-EvictionTimer] INFO  c.netflix.eureka.registry.AbstractInstanceRegistry --- Running the evict task with compensationTime 0ms
2018-06-21 13:42:53.863 [Eureka-EvictionTimer] INFO  c.netflix.eureka.registry.AbstractInstanceRegistry --- Running the evict task with compensationTime 1ms
2018-06-21 13:43:53.863 [Eureka-EvictionTimer] INFO  c.netflix.eureka.registry.AbstractInstanceRegistry --- Running the evict task with compensationTime 0ms
2018-06-21 13:44:53.864 [Eureka-EvictionTimer] INFO  c.netflix.eureka.registry.AbstractInstanceRegistry --- Running the evict task with compensationTime 0ms
2018-06-21 13:45:53.865 [Eureka-EvictionTimer] INFO  c.netflix.eureka.registry.AbstractInstanceRegistry --- Running the evict task with compensationTime 1ms
2018-06-21 13:46:53.866 [Eureka-EvictionTimer] INFO  c.netflix.eureka.registry.AbstractInstanceRegistry --- Running the evict task with compensationTime 0ms
2018-06-21 13:47:53.393 [Eureka-PeerNodesUpdater] WARN  com.netflix.eureka.cluster.PeerEurekaNodes --- The replica size seems to be empty. Check the route 53 DNS Registry
2018-06-21 13:47:53.427 [ReplicaAwareInstanceRegistry - RenewalThresholdUpdater] INFO  c.n.eureka.registry.PeerAwareInstanceRegistryImpl --- Current renewal threshold is : 0
2018-06-21 13:47:53.867 [Eureka-EvictionTimer] INFO  c.netflix.eureka.registry.AbstractInstanceRegistry --- Running the evict task with compensationTime 1ms
2018-06-21 13:48:53.868 [Eureka-EvictionTimer] INFO  c.netflix.eureka.registry.AbstractInstanceRegistry --- Running the evict task with compensationTime 0ms
2018-06-21 13:49:53.868 [Eureka-EvictionTimer] INFO  c.netflix.eureka.registry.AbstractInstanceRegistry --- Running the evict task with compensationTime 0ms
2018-06-21 13:50:53.869 [Eureka-EvictionTimer] INFO  c.netflix.eureka.registry.AbstractInstanceRegistry --- Running the evict task with compensationTime 1ms
2018-06-21 13:51:53.869 [Eureka-EvictionTimer] INFO  c.netflix.eureka.registry.AbstractInstanceRegistry --- Running the evict task with compensationTime 0ms
2018-06-21 13:52:53.869 [Eureka-EvictionTimer] INFO  c.netflix.eureka.registry.AbstractInstanceRegistry --- Running the evict task with compensationTime 0ms
2018-06-21 13:53:53.869 [Eureka-EvictionTimer] INFO  c.netflix.eureka.registry.AbstractInstanceRegistry --- Running the evict task with compensationTime 0ms
2018-06-21 13:54:53.869 [Eureka-EvictionTimer] INFO  c.netflix.eureka.registry.AbstractInstanceRegistry --- Running the evict task with compensationTime 0ms
2018-06-21 13:55:53.869 [Eureka-EvictionTimer] INFO  c.netflix.eureka.registry.AbstractInstanceRegistry --- Running the evict task with compensationTime 0ms
2018-06-21 13:56:53.869 [Eureka-EvictionTimer] INFO  c.netflix.eureka.registry.AbstractInstanceRegistry --- Running the evict task with compensationTime 0ms
2018-06-21 13:57:53.395 [Eureka-PeerNodesUpdater] WARN  com.netflix.eureka.cluster.PeerEurekaNodes --- The replica size seems to be empty. Check the route 53 DNS Registry
2018-06-21 13:57:53.869 [Eureka-EvictionTimer] INFO  c.netflix.eureka.registry.AbstractInstanceRegistry --- Running the evict task with compensationTime 0ms
2018-06-21 13:58:53.870 [Eureka-EvictionTimer] INFO  c.netflix.eureka.registry.AbstractInstanceRegistry --- Running the evict task with compensationTime 0ms
2018-06-21 13:59:53.871 [Eureka-EvictionTimer] INFO  c.netflix.eureka.registry.AbstractInstanceRegistry --- Running the evict task with compensationTime 0ms
2018-06-21 14:00:53.872 [Eureka-EvictionTimer] INFO  c.netflix.eureka.registry.AbstractInstanceRegistry --- Running the evict task with compensationTime 1ms
2018-06-21 14:01:53.872 [Eureka-EvictionTimer] INFO  c.netflix.eureka.registry.AbstractInstanceRegistry --- Running the evict task with compensationTime 0ms
2018-06-21 14:02:53.427 [ReplicaAwareInstanceRegistry - RenewalThresholdUpdater] INFO  c.n.eureka.registry.PeerAwareInstanceRegistryImpl --- Current renewal threshold is : 0
2018-06-21 14:02:53.873 [Eureka-EvictionTimer] INFO  c.netflix.eureka.registry.AbstractInstanceRegistry --- Running the evict task with compensationTime 1ms
2018-06-21 14:03:53.873 [Eureka-EvictionTimer] INFO  c.netflix.eureka.registry.AbstractInstanceRegistry --- Running the evict task with compensationTime 0ms
2018-06-21 14:04:53.874 [Eureka-EvictionTimer] INFO  c.netflix.eureka.registry.AbstractInstanceRegistry --- Running the evict task with compensationTime 0ms
2018-06-21 14:05:53.875 [Eureka-EvictionTimer] INFO  c.netflix.eureka.registry.AbstractInstanceRegistry --- Running the evict task with compensationTime 0ms
2018-06-21 14:06:53.875 [Eureka-EvictionTimer] INFO  c.netflix.eureka.registry.AbstractInstanceRegistry --- Running the evict task with compensationTime 0ms
2018-06-21 14:07:53.397 [Eureka-PeerNodesUpdater] WARN  com.netflix.eureka.cluster.PeerEurekaNodes --- The replica size seems to be empty. Check the route 53 DNS Registry
2018-06-21 14:07:53.875 [Eureka-EvictionTimer] INFO  c.netflix.eureka.registry.AbstractInstanceRegistry --- Running the evict task with compensationTime 0ms
2018-06-21 14:08:53.875 [Eureka-EvictionTimer] INFO  c.netflix.eureka.registry.AbstractInstanceRegistry --- Running the evict task with compensationTime 0ms
2018-06-21 14:09:53.876 [Eureka-EvictionTimer] INFO  c.netflix.eureka.registry.AbstractInstanceRegistry --- Running the evict task with compensationTime 0ms
2018-06-21 14:10:53.877 [Eureka-EvictionTimer] INFO  c.netflix.eureka.registry.AbstractInstanceRegistry --- Running the evict task with compensationTime 1ms
2018-06-21 14:11:53.878 [Eureka-EvictionTimer] INFO  c.netflix.eureka.registry.AbstractInstanceRegistry --- Running the evict task with compensationTime 0ms
2018-06-21 14:12:53.879 [Eureka-EvictionTimer] INFO  c.netflix.eureka.registry.AbstractInstanceRegistry --- Running the evict task with compensationTime 1ms
2018-06-21 14:13:53.880 [Eureka-EvictionTimer] INFO  c.netflix.eureka.registry.AbstractInstanceRegistry --- Running the evict task with compensationTime 0ms
2018-06-21 14:14:53.881 [Eureka-EvictionTimer] INFO  c.netflix.eureka.registry.AbstractInstanceRegistry --- Running the evict task with compensationTime 0ms
2018-06-21 14:20:08.316 [main] INFO  o.s.c.a.AnnotationConfigApplicationContext --- Refreshing org.springframework.context.annotation.AnnotationConfigApplicationContext@22bac7bc: startup date [Thu Jun 21 14:20:08 CST 2018]; root of context hierarchy
2018-06-21 14:20:09.886 [main] INFO  o.s.b.f.a.AutowiredAnnotationBeanPostProcessor --- JSR-330 'javax.inject.Inject' annotation found and supported for autowiring
2018-06-21 14:20:10.135 [main] INFO  o.s.c.s.PostProcessorRegistrationDelegate$BeanPostProcessorChecker --- Bean 'configurationPropertiesRebinderAutoConfiguration' of type [org.springframework.cloud.autoconfigure.ConfigurationPropertiesRebinderAutoConfiguration$$EnhancerBySpringCGLIB$$99f4159a] is not eligible for getting processed by all BeanPostProcessors (for example: not eligible for auto-proxying)
2018-06-21 14:20:11.812 [main] INFO  com.pine.soft.EurekaServerApplication --- The following profiles are active: dev
2018-06-21 14:20:11.890 [main] INFO  o.s.b.w.s.c.AnnotationConfigServletWebServerApplicationContext --- Refreshing org.springframework.boot.web.servlet.context.AnnotationConfigServletWebServerApplicationContext@cda4919: startup date [Thu Jun 21 14:20:11 CST 2018]; parent: org.springframework.context.annotation.AnnotationConfigApplicationContext@22bac7bc
2018-06-21 14:20:13.168 [main] INFO  o.s.b.factory.support.DefaultListableBeanFactory --- Overriding bean definition for bean 'environmentWebEndpointExtension' with a different definition: replacing [Root bean: class [null]; scope=; abstract=false; lazyInit=false; autowireMode=3; dependencyCheck=0; autowireCandidate=true; primary=false; factoryBeanName=org.springframework.boot.actuate.autoconfigure.env.EnvironmentEndpointAutoConfiguration; factoryMethodName=environmentWebEndpointExtension; initMethodName=null; destroyMethodName=(inferred); defined in class path resource [org/springframework/boot/actuate/autoconfigure/env/EnvironmentEndpointAutoConfiguration.class]] with [Root bean: class [null]; scope=; abstract=false; lazyInit=false; autowireMode=3; dependencyCheck=0; autowireCandidate=true; primary=false; factoryBeanName=org.springframework.cloud.autoconfigure.LifecycleMvcEndpointAutoConfiguration$EndpointConfiguration; factoryMethodName=environmentWebEndpointExtension; initMethodName=null; destroyMethodName=(inferred); defined in class path resource [org/springframework/cloud/autoconfigure/LifecycleMvcEndpointAutoConfiguration$EndpointConfiguration.class]]
2018-06-21 14:20:13.999 [main] INFO  o.springframework.cloud.context.scope.GenericScope --- BeanFactory id=49044a47-f543-344c-802b-623cc5228015
2018-06-21 14:20:14.034 [main] INFO  o.s.b.f.a.AutowiredAnnotationBeanPostProcessor --- JSR-330 'javax.inject.Inject' annotation found and supported for autowiring
2018-06-21 14:20:14.232 [main] INFO  o.s.c.s.PostProcessorRegistrationDelegate$BeanPostProcessorChecker --- Bean 'org.springframework.cloud.autoconfigure.ConfigurationPropertiesRebinderAutoConfiguration' of type [org.springframework.cloud.autoconfigure.ConfigurationPropertiesRebinderAutoConfiguration$$EnhancerBySpringCGLIB$$99f4159a] is not eligible for getting processed by all BeanPostProcessors (for example: not eligible for auto-proxying)
2018-06-21 14:20:15.002 [main] INFO  o.s.boot.web.embedded.tomcat.TomcatWebServer --- Tomcat initialized with port(s): 8100 (http)
2018-06-21 14:20:15.025 [main] INFO  org.apache.coyote.http11.Http11NioProtocol --- Initializing ProtocolHandler ["http-nio-8100"]
2018-06-21 14:20:15.051 [main] INFO  org.apache.catalina.core.StandardService --- Starting service [Tomcat]
2018-06-21 14:20:15.051 [main] INFO  org.apache.catalina.core.StandardEngine --- Starting Servlet Engine: Apache Tomcat/8.5.28
2018-06-21 14:20:15.075 [localhost-startStop-1] INFO  org.apache.catalina.core.AprLifecycleListener --- The APR based Apache Tomcat Native library which allows optimal performance in production environments was not found on the java.library.path: [D:\Program Files\java\jre-10.0.1\bin;C:\WINDOWS\Sun\Java\bin;C:\WINDOWS\system32;C:\WINDOWS;C:\Program Files (x86)\Common Files\Oracle\Java\javapath;C:\Program Files (x86)\Intel\iCLS Client\;C:\Program Files\Intel\iCLS Client\;C:\WINDOWS\system32;C:\WINDOWS;C:\WINDOWS\System32\Wbem;C:\WINDOWS\System32\WindowsPowerShell\v1.0\;C:\Program Files\Intel\WiFi\bin\;C:\Program Files\Common Files\Intel\WirelessCommon\;C:\Program Files (x86)\Intel\UCRT\;C:\Program Files\Intel\UCRT\;C:\Program Files (x86)\Intel\Intel(R) Management Engine Components\DAL;C:\Program Files\Intel\Intel(R) Management Engine Components\DAL;C:\Program Files (x86)\Intel\Intel(R) Management Engine Components\IPT;C:\Program Files\Intel\Intel(R) Management Engine Components\IPT;C:\WINDOWS\System32\OpenSSH\;D:\Program Files\java\jdk-10.0.1\bin;D:\Program Files\java\jre-10.0.1\bin;D:\Program Files\Git\cmd;C:\Users\yangs\AppData\Local\Microsoft\WindowsApps;;.]
2018-06-21 14:20:15.466 [localhost-startStop-1] INFO  o.a.c.core.ContainerBase.[Tomcat].[localhost].[/] --- Initializing Spring embedded WebApplicationContext
2018-06-21 14:20:15.468 [localhost-startStop-1] INFO  org.springframework.web.context.ContextLoader --- Root WebApplicationContext: initialization completed in 3578 ms
2018-06-21 14:20:18.312 [localhost-startStop-1] INFO  o.s.boot.web.servlet.FilterRegistrationBean --- Mapping filter: 'characterEncodingFilter' to: [/*]
2018-06-21 14:20:18.317 [localhost-startStop-1] INFO  o.s.boot.web.servlet.FilterRegistrationBean --- Mapping filter: 'hiddenHttpMethodFilter' to: [/*]
2018-06-21 14:20:18.318 [localhost-startStop-1] INFO  o.s.boot.web.servlet.FilterRegistrationBean --- Mapping filter: 'httpPutFormContentFilter' to: [/*]
2018-06-21 14:20:18.318 [localhost-startStop-1] INFO  o.s.boot.web.servlet.FilterRegistrationBean --- Mapping filter: 'requestContextFilter' to: [/*]
2018-06-21 14:20:18.319 [localhost-startStop-1] INFO  o.s.boot.web.servlet.FilterRegistrationBean --- Mapping filter: 'httpTraceFilter' to: [/*]
2018-06-21 14:20:18.319 [localhost-startStop-1] INFO  o.s.boot.web.servlet.FilterRegistrationBean --- Mapping filter: 'webMvcMetricsFilter' to: [/*]
2018-06-21 14:20:18.319 [localhost-startStop-1] INFO  o.s.boot.web.servlet.FilterRegistrationBean --- Mapping filter: 'servletContainer' to urls: [/eureka/*]
2018-06-21 14:20:18.320 [localhost-startStop-1] INFO  o.s.boot.web.servlet.ServletRegistrationBean --- Servlet dispatcherServlet mapped to [/]
2018-06-21 14:20:18.570 [localhost-startStop-1] INFO  c.s.j.server.impl.application.WebApplicationImpl --- Initiating Jersey application, version 'Jersey: 1.19.1 03/11/2016 02:08 PM'
2018-06-21 14:20:18.724 [localhost-startStop-1] INFO  c.n.discovery.provider.DiscoveryJerseyProvider --- Using JSON encoding codec LegacyJacksonJson
2018-06-21 14:20:18.727 [localhost-startStop-1] INFO  c.n.discovery.provider.DiscoveryJerseyProvider --- Using JSON decoding codec LegacyJacksonJson
2018-06-21 14:20:18.949 [localhost-startStop-1] INFO  c.n.discovery.provider.DiscoveryJerseyProvider --- Using XML encoding codec XStreamXml
2018-06-21 14:20:18.951 [localhost-startStop-1] INFO  c.n.discovery.provider.DiscoveryJerseyProvider --- Using XML decoding codec XStreamXml
2018-06-21 14:20:20.197 [main] WARN  com.netflix.config.sources.URLConfigurationSource --- No URLs will be polled as dynamic configuration sources.
2018-06-21 14:20:20.198 [main] INFO  com.netflix.config.sources.URLConfigurationSource --- To enable URLs as dynamic configuration sources, define System property archaius.configurationSource.additionalUrls or make config.properties available on classpath.
2018-06-21 14:20:20.207 [main] WARN  com.netflix.config.sources.URLConfigurationSource --- No URLs will be polled as dynamic configuration sources.
2018-06-21 14:20:20.208 [main] INFO  com.netflix.config.sources.URLConfigurationSource --- To enable URLs as dynamic configuration sources, define System property archaius.configurationSource.additionalUrls or make config.properties available on classpath.
2018-06-21 14:20:20.598 [main] INFO  o.s.w.s.m.m.a.RequestMappingHandlerAdapter --- Looking for @ControllerAdvice: org.springframework.boot.web.servlet.context.AnnotationConfigServletWebServerApplicationContext@cda4919: startup date [Thu Jun 21 14:20:11 CST 2018]; parent: org.springframework.context.annotation.AnnotationConfigApplicationContext@22bac7bc
2018-06-21 14:20:20.824 [main] INFO  o.s.w.s.m.m.a.RequestMappingHandlerMapping --- Mapped "{[/error]}" onto public org.springframework.http.ResponseEntity<java.util.Map<java.lang.String, java.lang.Object>> org.springframework.boot.autoconfigure.web.servlet.error.BasicErrorController.error(javax.servlet.http.HttpServletRequest)
2018-06-21 14:20:20.831 [main] INFO  o.s.w.s.m.m.a.RequestMappingHandlerMapping --- Mapped "{[/error],produces=[text/html]}" onto public org.springframework.web.servlet.ModelAndView org.springframework.boot.autoconfigure.web.servlet.error.BasicErrorController.errorHtml(javax.servlet.http.HttpServletRequest,javax.servlet.http.HttpServletResponse)
2018-06-21 14:20:20.840 [main] INFO  o.s.w.s.m.m.a.RequestMappingHandlerMapping --- Mapped "{[/],methods=[GET]}" onto public java.lang.String org.springframework.cloud.netflix.eureka.server.EurekaController.status(javax.servlet.http.HttpServletRequest,java.util.Map<java.lang.String, java.lang.Object>)
2018-06-21 14:20:20.841 [main] INFO  o.s.w.s.m.m.a.RequestMappingHandlerMapping --- Mapped "{[/lastn],methods=[GET]}" onto public java.lang.String org.springframework.cloud.netflix.eureka.server.EurekaController.lastn(javax.servlet.http.HttpServletRequest,java.util.Map<java.lang.String, java.lang.Object>)
2018-06-21 14:20:20.916 [main] INFO  o.s.web.servlet.handler.SimpleUrlHandlerMapping --- Mapped URL path [/webjars/**] onto handler of type [class org.springframework.web.servlet.resource.ResourceHttpRequestHandler]
2018-06-21 14:20:20.916 [main] INFO  o.s.web.servlet.handler.SimpleUrlHandlerMapping --- Mapped URL path [/**] onto handler of type [class org.springframework.web.servlet.resource.ResourceHttpRequestHandler]
2018-06-21 14:20:21.031 [main] INFO  o.s.web.servlet.handler.SimpleUrlHandlerMapping --- Mapped URL path [/**/favicon.ico] onto handler of type [class org.springframework.web.servlet.resource.ResourceHttpRequestHandler]
2018-06-21 14:20:21.733 [main] INFO  o.s.ui.freemarker.SpringTemplateLoader --- SpringTemplateLoader for FreeMarker: using resource loader [org.springframework.boot.web.servlet.context.AnnotationConfigServletWebServerApplicationContext@cda4919: startup date [Thu Jun 21 14:20:11 CST 2018]; parent: org.springframework.context.annotation.AnnotationConfigApplicationContext@22bac7bc] and template loader path [classpath:/templates/]
2018-06-21 14:20:21.735 [main] INFO  o.s.w.servlet.view.freemarker.FreeMarkerConfigurer --- ClassTemplateLoader for Spring macros added to FreeMarker configuration
2018-06-21 14:20:22.192 [main] INFO  o.s.cloud.netflix.eureka.InstanceInfoFactory --- Setting initial instance status as: STARTING
2018-06-21 14:20:22.237 [main] INFO  com.netflix.discovery.DiscoveryClient --- Initializing Eureka in region us-east-1
2018-06-21 14:20:22.237 [main] INFO  com.netflix.discovery.DiscoveryClient --- Client configured to neither register nor query for data.
2018-06-21 14:20:22.254 [main] INFO  com.netflix.discovery.DiscoveryClient --- Discovery Client initialized at timestamp 1529562022252 with initial instances count: 0
2018-06-21 14:20:22.353 [main] INFO  com.netflix.eureka.DefaultEurekaServerContext --- Initializing ...
2018-06-21 14:20:22.382 [main] WARN  com.netflix.eureka.cluster.PeerEurekaNodes --- The replica size seems to be empty. Check the route 53 DNS Registry
2018-06-21 14:20:22.405 [main] INFO  c.netflix.eureka.registry.AbstractInstanceRegistry --- Finished initializing remote region registries. All known remote regions: []
2018-06-21 14:20:22.407 [main] INFO  com.netflix.eureka.DefaultEurekaServerContext --- Initialized
2018-06-21 14:20:22.465 [main] INFO  o.s.b.a.e.web.servlet.WebMvcEndpointHandlerMapping --- Mapped "{[/actuator/health],methods=[GET],produces=[application/vnd.spring-boot.actuator.v2+json || application/json]}" onto public java.lang.Object org.springframework.boot.actuate.endpoint.web.servlet.AbstractWebMvcEndpointHandlerMapping$OperationHandler.handle(javax.servlet.http.HttpServletRequest,java.util.Map<java.lang.String, java.lang.String>)
2018-06-21 14:20:22.466 [main] INFO  o.s.b.a.e.web.servlet.WebMvcEndpointHandlerMapping --- Mapped "{[/actuator/info],methods=[GET],produces=[application/vnd.spring-boot.actuator.v2+json || application/json]}" onto public java.lang.Object org.springframework.boot.actuate.endpoint.web.servlet.AbstractWebMvcEndpointHandlerMapping$OperationHandler.handle(javax.servlet.http.HttpServletRequest,java.util.Map<java.lang.String, java.lang.String>)
2018-06-21 14:20:22.468 [main] INFO  o.s.b.a.e.web.servlet.WebMvcEndpointHandlerMapping --- Mapped "{[/actuator],methods=[GET],produces=[application/vnd.spring-boot.actuator.v2+json || application/json]}" onto protected java.util.Map<java.lang.String, java.util.Map<java.lang.String, org.springframework.boot.actuate.endpoint.web.Link>> org.springframework.boot.actuate.endpoint.web.servlet.WebMvcEndpointHandlerMapping.links(javax.servlet.http.HttpServletRequest,javax.servlet.http.HttpServletResponse)
2018-06-21 14:20:22.633 [main] INFO  o.s.jmx.export.annotation.AnnotationMBeanExporter --- Registering beans for JMX exposure on startup
2018-06-21 14:20:22.649 [main] INFO  o.s.jmx.export.annotation.AnnotationMBeanExporter --- Bean with name 'configurationPropertiesRebinder' has been autodetected for JMX exposure
2018-06-21 14:20:22.650 [main] INFO  o.s.jmx.export.annotation.AnnotationMBeanExporter --- Bean with name 'environmentManager' has been autodetected for JMX exposure
2018-06-21 14:20:22.652 [main] INFO  o.s.jmx.export.annotation.AnnotationMBeanExporter --- Bean with name 'refreshScope' has been autodetected for JMX exposure
2018-06-21 14:20:22.656 [main] INFO  o.s.jmx.export.annotation.AnnotationMBeanExporter --- Located managed bean 'environmentManager': registering with JMX server as MBean [org.springframework.cloud.context.environment:name=environmentManager,type=EnvironmentManager]
2018-06-21 14:20:22.668 [main] INFO  o.s.jmx.export.annotation.AnnotationMBeanExporter --- Located managed bean 'refreshScope': registering with JMX server as MBean [org.springframework.cloud.context.scope.refresh:name=refreshScope,type=RefreshScope]
2018-06-21 14:20:22.695 [main] INFO  o.s.jmx.export.annotation.AnnotationMBeanExporter --- Located managed bean 'configurationPropertiesRebinder': registering with JMX server as MBean [org.springframework.cloud.context.properties:name=configurationPropertiesRebinder,context=cda4919,type=ConfigurationPropertiesRebinder]
2018-06-21 14:20:22.718 [main] INFO  o.s.context.support.DefaultLifecycleProcessor --- Starting beans in phase 0
2018-06-21 14:20:22.719 [main] INFO  o.s.c.n.e.serviceregistry.EurekaServiceRegistry --- Registering application pinesoft-eureka-server with eureka with status UP
2018-06-21 14:20:22.724 [Thread-12] INFO  o.s.c.netflix.eureka.server.EurekaServerBootstrap --- Setting the eureka configuration..
2018-06-21 14:20:22.726 [Thread-12] INFO  o.s.c.netflix.eureka.server.EurekaServerBootstrap --- Eureka data center value eureka.datacenter is not set, defaulting to default
2018-06-21 14:20:22.726 [Thread-12] INFO  o.s.c.netflix.eureka.server.EurekaServerBootstrap --- Eureka environment value eureka.environment is not set, defaulting to test
2018-06-21 14:20:22.742 [Thread-12] INFO  o.s.c.netflix.eureka.server.EurekaServerBootstrap --- isAws returned false
2018-06-21 14:20:22.743 [Thread-12] INFO  o.s.c.netflix.eureka.server.EurekaServerBootstrap --- Initialized server context
2018-06-21 14:20:22.743 [Thread-12] INFO  c.n.eureka.registry.PeerAwareInstanceRegistryImpl --- Got 1 instances from neighboring DS node
2018-06-21 14:20:22.743 [Thread-12] INFO  c.n.eureka.registry.PeerAwareInstanceRegistryImpl --- Renew threshold is: 1
2018-06-21 14:20:22.743 [Thread-12] INFO  c.n.eureka.registry.PeerAwareInstanceRegistryImpl --- Changing status to UP
2018-06-21 14:20:22.759 [main] INFO  org.apache.coyote.http11.Http11NioProtocol --- Starting ProtocolHandler ["http-nio-8100"]
2018-06-21 14:20:22.773 [Thread-12] INFO  o.s.c.n.e.s.EurekaServerInitializerConfiguration --- Started Eureka Server
2018-06-21 14:20:22.813 [main] INFO  org.apache.tomcat.util.net.NioSelectorPool --- Using a shared selector for servlet write/read
2018-06-21 14:20:22.860 [main] INFO  o.s.boot.web.embedded.tomcat.TomcatWebServer --- Tomcat started on port(s): 8100 (http) with context path ''
2018-06-21 14:20:22.863 [main] INFO  o.s.c.n.e.s.EurekaAutoServiceRegistration --- Updating port to 8100
2018-06-21 14:20:22.868 [main] INFO  com.pine.soft.EurekaServerApplication --- Started EurekaServerApplication in 16.263 seconds (JVM running for 17.49)
2018-06-21 14:20:33.628 [http-nio-8100-exec-10] INFO  o.a.c.core.ContainerBase.[Tomcat].[localhost].[/] --- Initializing Spring FrameworkServlet 'dispatcherServlet'
2018-06-21 14:20:33.629 [http-nio-8100-exec-10] INFO  org.springframework.web.servlet.DispatcherServlet --- FrameworkServlet 'dispatcherServlet': initialization started
2018-06-21 14:20:33.665 [http-nio-8100-exec-10] INFO  org.springframework.web.servlet.DispatcherServlet --- FrameworkServlet 'dispatcherServlet': initialization completed in 36 ms
2018-06-21 14:21:22.746 [Eureka-EvictionTimer] INFO  c.netflix.eureka.registry.AbstractInstanceRegistry --- Running the evict task with compensationTime 0ms
2018-06-21 14:22:22.747 [Eureka-EvictionTimer] INFO  c.netflix.eureka.registry.AbstractInstanceRegistry --- Running the evict task with compensationTime 1ms
2018-06-21 14:23:22.747 [Eureka-EvictionTimer] INFO  c.netflix.eureka.registry.AbstractInstanceRegistry --- Running the evict task with compensationTime 0ms
2018-06-21 14:24:22.748 [Eureka-EvictionTimer] INFO  c.netflix.eureka.registry.AbstractInstanceRegistry --- Running the evict task with compensationTime 0ms
2018-06-21 14:25:22.749 [Eureka-EvictionTimer] INFO  c.netflix.eureka.registry.AbstractInstanceRegistry --- Running the evict task with compensationTime 1ms
2018-06-21 14:26:22.750 [Eureka-EvictionTimer] INFO  c.netflix.eureka.registry.AbstractInstanceRegistry --- Running the evict task with compensationTime 0ms
2018-06-21 14:27:22.751 [Eureka-EvictionTimer] INFO  c.netflix.eureka.registry.AbstractInstanceRegistry --- Running the evict task with compensationTime 0ms
2018-06-21 14:28:22.752 [Eureka-EvictionTimer] INFO  c.netflix.eureka.registry.AbstractInstanceRegistry --- Running the evict task with compensationTime 1ms
2018-06-21 14:29:22.757 [Eureka-EvictionTimer] INFO  c.netflix.eureka.registry.AbstractInstanceRegistry --- Running the evict task with compensationTime 4ms
2018-06-21 14:30:22.389 [Eureka-PeerNodesUpdater] WARN  com.netflix.eureka.cluster.PeerEurekaNodes --- The replica size seems to be empty. Check the route 53 DNS Registry
2018-06-21 14:30:22.757 [Eureka-EvictionTimer] INFO  c.netflix.eureka.registry.AbstractInstanceRegistry --- Running the evict task with compensationTime 0ms
2018-06-21 14:31:22.757 [Eureka-EvictionTimer] INFO  c.netflix.eureka.registry.AbstractInstanceRegistry --- Running the evict task with compensationTime 0ms
2018-06-21 14:32:22.758 [Eureka-EvictionTimer] INFO  c.netflix.eureka.registry.AbstractInstanceRegistry --- Running the evict task with compensationTime 0ms
2018-06-21 14:33:22.759 [Eureka-EvictionTimer] INFO  c.netflix.eureka.registry.AbstractInstanceRegistry --- Running the evict task with compensationTime 1ms
2018-06-21 14:34:22.759 [Eureka-EvictionTimer] INFO  c.netflix.eureka.registry.AbstractInstanceRegistry --- Running the evict task with compensationTime 0ms
2018-06-21 14:35:22.405 [ReplicaAwareInstanceRegistry - RenewalThresholdUpdater] INFO  c.n.eureka.registry.PeerAwareInstanceRegistryImpl --- Current renewal threshold is : 0
2018-06-21 14:35:22.759 [Eureka-EvictionTimer] INFO  c.netflix.eureka.registry.AbstractInstanceRegistry --- Running the evict task with compensationTime 0ms
2018-06-21 14:36:22.760 [Eureka-EvictionTimer] INFO  c.netflix.eureka.registry.AbstractInstanceRegistry --- Running the evict task with compensationTime 0ms
2018-06-21 14:37:22.761 [Eureka-EvictionTimer] INFO  c.netflix.eureka.registry.AbstractInstanceRegistry --- Running the evict task with compensationTime 0ms
2018-06-21 14:38:22.762 [Eureka-EvictionTimer] INFO  c.netflix.eureka.registry.AbstractInstanceRegistry --- Running the evict task with compensationTime 0ms
2018-06-21 14:39:22.765 [Eureka-EvictionTimer] INFO  c.netflix.eureka.registry.AbstractInstanceRegistry --- Running the evict task with compensationTime 3ms
