2018-06-21 13:36:20.506 [main] INFO  org.pine.mvc.DemoApplication --- Starting DemoApplication on yangs-HP with PID 19012 (D:\SourceCode\personal\PINESOFT\PINESOFT_FRAME\pinesoft-integration-pom\pinesoft-mvc\target\test-classes started by yangs in D:\SourceCode\personal\PINESOFT\PINESOFT_FRAME\pinesoft-integration-pom\pinesoft-mvc)
2018-06-21 13:36:20.512 [main] INFO  org.pine.mvc.DemoApplication --- No active profile set, falling back to default profiles: default
2018-06-21 13:36:20.648 [main] INFO  o.s.b.w.s.c.AnnotationConfigServletWebServerApplicationContext --- Refreshing org.springframework.boot.web.servlet.context.AnnotationConfigServletWebServerApplicationContext@66fdec9: startup date [Thu Jun 21 13:36:20 CST 2018]; root of context hierarchy
2018-06-21 13:36:22.162 [main] WARN  org.mybatis.spring.mapper.ClassPathMapperScanner --- No MyBatis mapper was found in '[org.pine.mvc]' package. Please check your configuration.
2018-06-21 13:36:24.508 [main] INFO  o.s.boot.web.embedded.tomcat.TomcatWebServer --- Tomcat initialized with port(s): 8080 (http)
2018-06-21 13:36:24.547 [main] INFO  org.apache.coyote.http11.Http11NioProtocol --- Initializing ProtocolHandler ["http-nio-8080"]
2018-06-21 13:36:24.588 [main] INFO  org.apache.catalina.core.StandardService --- Starting service [Tomcat]
2018-06-21 13:36:24.589 [main] INFO  org.apache.catalina.core.StandardEngine --- Starting Servlet Engine: Apache Tomcat/8.5.28
2018-06-21 13:36:24.618 [localhost-startStop-1] INFO  org.apache.catalina.core.AprLifecycleListener --- The APR based Apache Tomcat Native library which allows optimal performance in production environments was not found on the java.library.path: [D:\Program Files\java\jre-10.0.1\bin;C:\WINDOWS\Sun\Java\bin;C:\WINDOWS\system32;C:\WINDOWS;C:\Program Files (x86)\Common Files\Oracle\Java\javapath;C:\Program Files (x86)\Intel\iCLS Client\;C:\Program Files\Intel\iCLS Client\;C:\WINDOWS\system32;C:\WINDOWS;C:\WINDOWS\System32\Wbem;C:\WINDOWS\System32\WindowsPowerShell\v1.0\;C:\Program Files\Intel\WiFi\bin\;C:\Program Files\Common Files\Intel\WirelessCommon\;C:\Program Files (x86)\Intel\UCRT\;C:\Program Files\Intel\UCRT\;C:\Program Files (x86)\Intel\Intel(R) Management Engine Components\DAL;C:\Program Files\Intel\Intel(R) Management Engine Components\DAL;C:\Program Files (x86)\Intel\Intel(R) Management Engine Components\IPT;C:\Program Files\Intel\Intel(R) Management Engine Components\IPT;C:\WINDOWS\System32\OpenSSH\;D:\Program Files\java\jdk-10.0.1\bin;D:\Program Files\java\jre-10.0.1\bin;D:\Program Files\Git\cmd;C:\Users\yangs\AppData\Local\Microsoft\WindowsApps;;.]
2018-06-21 13:36:25.305 [localhost-startStop-1] INFO  org.apache.jasper.servlet.TldScanner --- At least one JAR was scanned for TLDs yet contained no TLDs. Enable debug logging for this logger for a complete list of JARs that were scanned but no TLDs were found in them. Skipping unneeded JARs during scanning can improve startup time and JSP compilation time.
2018-06-21 13:36:25.324 [localhost-startStop-1] INFO  o.a.c.core.ContainerBase.[Tomcat].[localhost].[/] --- Initializing Spring embedded WebApplicationContext
2018-06-21 13:36:25.325 [localhost-startStop-1] INFO  org.springframework.web.context.ContextLoader --- Root WebApplicationContext: initialization completed in 4677 ms
2018-06-21 13:36:25.925 [localhost-startStop-1] INFO  o.s.boot.web.servlet.ServletRegistrationBean --- Servlet dispatcherServlet mapped to [/]
2018-06-21 13:36:25.928 [localhost-startStop-1] INFO  o.s.boot.web.servlet.ServletRegistrationBean --- Servlet statViewServlet mapped to [/druid/*]
2018-06-21 13:36:25.942 [localhost-startStop-1] INFO  o.s.boot.web.servlet.FilterRegistrationBean --- Mapping filter: 'characterEncodingFilter' to: [/*]
2018-06-21 13:36:25.942 [localhost-startStop-1] INFO  o.s.boot.web.servlet.FilterRegistrationBean --- Mapping filter: 'hiddenHttpMethodFilter' to: [/*]
2018-06-21 13:36:25.942 [localhost-startStop-1] INFO  o.s.boot.web.servlet.FilterRegistrationBean --- Mapping filter: 'httpPutFormContentFilter' to: [/*]
2018-06-21 13:36:25.943 [localhost-startStop-1] INFO  o.s.boot.web.servlet.FilterRegistrationBean --- Mapping filter: 'requestContextFilter' to: [/*]
2018-06-21 13:36:25.943 [localhost-startStop-1] INFO  o.s.boot.web.servlet.FilterRegistrationBean --- Mapping filter: 'webStatFilter' to urls: [/*]
2018-06-21 13:36:26.948 [main] INFO  c.a.d.s.b.a.DruidDataSourceAutoConfigure --- Init DruidDataSource
2018-06-21 13:36:27.190 [main] ERROR com.alibaba.druid.pool.DruidAbstractDataSource --- oracle.jdbc.driver.OracleDriver is deprecated.
2018-06-21 13:36:27.220 [main] ERROR com.alibaba.druid.pool.DruidDataSource --- {dataSource-1} init error
java.sql.SQLException: oracle.jdbc.driver.OracleDriver
	at com.alibaba.druid.util.JdbcUtils.createDriver(JdbcUtils.java:600)
	at com.alibaba.druid.pool.DruidDataSource.init(DruidDataSource.java:815)
	at java.base/jdk.internal.reflect.NativeMethodAccessorImpl.invoke0(Native Method)
	at java.base/jdk.internal.reflect.NativeMethodAccessorImpl.invoke(Unknown Source)
	at java.base/jdk.internal.reflect.DelegatingMethodAccessorImpl.invoke(Unknown Source)
	at java.base/java.lang.reflect.Method.invoke(Unknown Source)
	at org.springframework.beans.factory.support.AbstractAutowireCapableBeanFactory.invokeCustomInitMethod(AbstractAutowireCapableBeanFactory.java:1835)
	at org.springframework.beans.factory.support.AbstractAutowireCapableBeanFactory.invokeInitMethods(AbstractAutowireCapableBeanFactory.java:1778)
	at org.springframework.beans.factory.support.AbstractAutowireCapableBeanFactory.initializeBean(AbstractAutowireCapableBeanFactory.java:1706)
	at org.springframework.beans.factory.support.AbstractAutowireCapableBeanFactory.doCreateBean(AbstractAutowireCapableBeanFactory.java:583)
	at org.springframework.beans.factory.support.AbstractAutowireCapableBeanFactory.createBean(AbstractAutowireCapableBeanFactory.java:502)
	at org.springframework.beans.factory.support.AbstractBeanFactory.lambda$doGetBean$0(AbstractBeanFactory.java:312)
	at org.springframework.beans.factory.support.DefaultSingletonBeanRegistry.getSingleton(DefaultSingletonBeanRegistry.java:228)
	at org.springframework.beans.factory.support.AbstractBeanFactory.doGetBean(AbstractBeanFactory.java:310)
	at org.springframework.beans.factory.support.AbstractBeanFactory.getBean(AbstractBeanFactory.java:200)
	at org.springframework.beans.factory.support.DefaultListableBeanFactory.preInstantiateSingletons(DefaultListableBeanFactory.java:760)
	at org.springframework.context.support.AbstractApplicationContext.finishBeanFactoryInitialization(AbstractApplicationContext.java:868)
	at org.springframework.context.support.AbstractApplicationContext.refresh(AbstractApplicationContext.java:549)
	at org.springframework.boot.web.servlet.context.ServletWebServerApplicationContext.refresh(ServletWebServerApplicationContext.java:140)
	at org.springframework.boot.SpringApplication.refresh(SpringApplication.java:752)
	at org.springframework.boot.SpringApplication.refreshContext(SpringApplication.java:388)
	at org.springframework.boot.SpringApplication.run(SpringApplication.java:327)
	at org.springframework.boot.SpringApplication.run(SpringApplication.java:1246)
	at org.springframework.boot.SpringApplication.run(SpringApplication.java:1234)
	at org.pine.mvc.DemoApplication.main(DemoApplication.java:9)
Caused by: java.lang.ClassNotFoundException: oracle.jdbc.driver.OracleDriver
	at java.base/jdk.internal.loader.BuiltinClassLoader.loadClass(Unknown Source)
	at java.base/jdk.internal.loader.ClassLoaders$AppClassLoader.loadClass(Unknown Source)
	at java.base/java.lang.ClassLoader.loadClass(Unknown Source)
	at java.base/java.lang.Class.forName0(Native Method)
	at java.base/java.lang.Class.forName(Unknown Source)
	at com.alibaba.druid.util.JdbcUtils.createDriver(JdbcUtils.java:598)
	... 24 common frames omitted
2018-06-21 13:36:27.222 [main] WARN  o.s.b.w.s.c.AnnotationConfigServletWebServerApplicationContext --- Exception encountered during context initialization - cancelling refresh attempt: org.springframework.beans.factory.BeanCreationException: Error creating bean with name 'dataSource' defined in class path resource [com/alibaba/druid/spring/boot/autoconfigure/DruidDataSourceAutoConfigure.class]: Invocation of init method failed; nested exception is java.sql.SQLException: oracle.jdbc.driver.OracleDriver
2018-06-21 13:36:27.226 [main] INFO  org.apache.catalina.core.StandardService --- Stopping service [Tomcat]
2018-06-21 13:36:27.285 [main] INFO  o.s.b.a.l.ConditionEvaluationReportLoggingListener --- 

Error starting ApplicationContext. To display the conditions report re-run your application with 'debug' enabled.
2018-06-21 13:36:27.287 [main] ERROR org.springframework.boot.SpringApplication --- Application run failed
org.springframework.beans.factory.BeanCreationException: Error creating bean with name 'dataSource' defined in class path resource [com/alibaba/druid/spring/boot/autoconfigure/DruidDataSourceAutoConfigure.class]: Invocation of init method failed; nested exception is java.sql.SQLException: oracle.jdbc.driver.OracleDriver
	at org.springframework.beans.factory.support.AbstractAutowireCapableBeanFactory.initializeBean(AbstractAutowireCapableBeanFactory.java:1710)
	at org.springframework.beans.factory.support.AbstractAutowireCapableBeanFactory.doCreateBean(AbstractAutowireCapableBeanFactory.java:583)
	at org.springframework.beans.factory.support.AbstractAutowireCapableBeanFactory.createBean(AbstractAutowireCapableBeanFactory.java:502)
	at org.springframework.beans.factory.support.AbstractBeanFactory.lambda$doGetBean$0(AbstractBeanFactory.java:312)
	at org.springframework.beans.factory.support.DefaultSingletonBeanRegistry.getSingleton(DefaultSingletonBeanRegistry.java:228)
	at org.springframework.beans.factory.support.AbstractBeanFactory.doGetBean(AbstractBeanFactory.java:310)
	at org.springframework.beans.factory.support.AbstractBeanFactory.getBean(AbstractBeanFactory.java:200)
	at org.springframework.beans.factory.support.DefaultListableBeanFactory.preInstantiateSingletons(DefaultListableBeanFactory.java:760)
	at org.springframework.context.support.AbstractApplicationContext.finishBeanFactoryInitialization(AbstractApplicationContext.java:868)
	at org.springframework.context.support.AbstractApplicationContext.refresh(AbstractApplicationContext.java:549)
	at org.springframework.boot.web.servlet.context.ServletWebServerApplicationContext.refresh(ServletWebServerApplicationContext.java:140)
	at org.springframework.boot.SpringApplication.refresh(SpringApplication.java:752)
	at org.springframework.boot.SpringApplication.refreshContext(SpringApplication.java:388)
	at org.springframework.boot.SpringApplication.run(SpringApplication.java:327)
	at org.springframework.boot.SpringApplication.run(SpringApplication.java:1246)
	at org.springframework.boot.SpringApplication.run(SpringApplication.java:1234)
	at org.pine.mvc.DemoApplication.main(DemoApplication.java:9)
Caused by: java.sql.SQLException: oracle.jdbc.driver.OracleDriver
	at com.alibaba.druid.util.JdbcUtils.createDriver(JdbcUtils.java:600)
	at com.alibaba.druid.pool.DruidDataSource.init(DruidDataSource.java:815)
	at java.base/jdk.internal.reflect.NativeMethodAccessorImpl.invoke0(Native Method)
	at java.base/jdk.internal.reflect.NativeMethodAccessorImpl.invoke(Unknown Source)
	at java.base/jdk.internal.reflect.DelegatingMethodAccessorImpl.invoke(Unknown Source)
	at java.base/java.lang.reflect.Method.invoke(Unknown Source)
	at org.springframework.beans.factory.support.AbstractAutowireCapableBeanFactory.invokeCustomInitMethod(AbstractAutowireCapableBeanFactory.java:1835)
	at org.springframework.beans.factory.support.AbstractAutowireCapableBeanFactory.invokeInitMethods(AbstractAutowireCapableBeanFactory.java:1778)
	at org.springframework.beans.factory.support.AbstractAutowireCapableBeanFactory.initializeBean(AbstractAutowireCapableBeanFactory.java:1706)
	... 16 common frames omitted
Caused by: java.lang.ClassNotFoundException: oracle.jdbc.driver.OracleDriver
	at java.base/jdk.internal.loader.BuiltinClassLoader.loadClass(Unknown Source)
	at java.base/jdk.internal.loader.ClassLoaders$AppClassLoader.loadClass(Unknown Source)
	at java.base/java.lang.ClassLoader.loadClass(Unknown Source)
	at java.base/java.lang.Class.forName0(Native Method)
	at java.base/java.lang.Class.forName(Unknown Source)
	at com.alibaba.druid.util.JdbcUtils.createDriver(JdbcUtils.java:598)
	... 24 common frames omitted
2018-06-21 14:01:01.270 [main] INFO  org.pine.mvc.DemoApplication --- Starting DemoApplication on yangs-HP with PID 14508 (D:\SourceCode\personal\PINESOFT\PINESOFT_FRAME\pinesoft-integration-pom\pinesoft-mvc\target\test-classes started by yangs in D:\SourceCode\personal\PINESOFT\PINESOFT_FRAME\pinesoft-integration-pom\pinesoft-mvc)
2018-06-21 14:01:01.275 [main] INFO  org.pine.mvc.DemoApplication --- No active profile set, falling back to default profiles: default
2018-06-21 14:01:01.393 [main] INFO  o.s.b.w.s.c.AnnotationConfigServletWebServerApplicationContext --- Refreshing org.springframework.boot.web.servlet.context.AnnotationConfigServletWebServerApplicationContext@51549490: startup date [Thu Jun 21 14:01:01 CST 2018]; root of context hierarchy
2018-06-21 14:01:03.074 [main] WARN  org.mybatis.spring.mapper.ClassPathMapperScanner --- No MyBatis mapper was found in '[org.pine.mvc]' package. Please check your configuration.
2018-06-21 14:01:04.686 [main] INFO  o.s.boot.web.embedded.tomcat.TomcatWebServer --- Tomcat initialized with port(s): 8080 (http)
2018-06-21 14:01:04.710 [main] INFO  org.apache.coyote.http11.Http11NioProtocol --- Initializing ProtocolHandler ["http-nio-8080"]
2018-06-21 14:01:04.736 [main] INFO  org.apache.catalina.core.StandardService --- Starting service [Tomcat]
2018-06-21 14:01:04.737 [main] INFO  org.apache.catalina.core.StandardEngine --- Starting Servlet Engine: Apache Tomcat/8.5.28
2018-06-21 14:01:04.753 [localhost-startStop-1] INFO  org.apache.catalina.core.AprLifecycleListener --- The APR based Apache Tomcat Native library which allows optimal performance in production environments was not found on the java.library.path: [D:\Program Files\java\jre-10.0.1\bin;C:\WINDOWS\Sun\Java\bin;C:\WINDOWS\system32;C:\WINDOWS;C:\Program Files (x86)\Common Files\Oracle\Java\javapath;C:\Program Files (x86)\Intel\iCLS Client\;C:\Program Files\Intel\iCLS Client\;C:\WINDOWS\system32;C:\WINDOWS;C:\WINDOWS\System32\Wbem;C:\WINDOWS\System32\WindowsPowerShell\v1.0\;C:\Program Files\Intel\WiFi\bin\;C:\Program Files\Common Files\Intel\WirelessCommon\;C:\Program Files (x86)\Intel\UCRT\;C:\Program Files\Intel\UCRT\;C:\Program Files (x86)\Intel\Intel(R) Management Engine Components\DAL;C:\Program Files\Intel\Intel(R) Management Engine Components\DAL;C:\Program Files (x86)\Intel\Intel(R) Management Engine Components\IPT;C:\Program Files\Intel\Intel(R) Management Engine Components\IPT;C:\WINDOWS\System32\OpenSSH\;D:\Program Files\java\jdk-10.0.1\bin;D:\Program Files\java\jre-10.0.1\bin;D:\Program Files\Git\cmd;C:\Users\yangs\AppData\Local\Microsoft\WindowsApps;;.]
2018-06-21 14:01:05.208 [localhost-startStop-1] INFO  org.apache.jasper.servlet.TldScanner --- At least one JAR was scanned for TLDs yet contained no TLDs. Enable debug logging for this logger for a complete list of JARs that were scanned but no TLDs were found in them. Skipping unneeded JARs during scanning can improve startup time and JSP compilation time.
2018-06-21 14:01:05.222 [localhost-startStop-1] INFO  o.a.c.core.ContainerBase.[Tomcat].[localhost].[/] --- Initializing Spring embedded WebApplicationContext
2018-06-21 14:01:05.222 [localhost-startStop-1] INFO  org.springframework.web.context.ContextLoader --- Root WebApplicationContext: initialization completed in 3829 ms
2018-06-21 14:01:05.546 [localhost-startStop-1] INFO  o.s.boot.web.servlet.ServletRegistrationBean --- Servlet dispatcherServlet mapped to [/]
2018-06-21 14:01:05.548 [localhost-startStop-1] INFO  o.s.boot.web.servlet.ServletRegistrationBean --- Servlet statViewServlet mapped to [/druid/*]
2018-06-21 14:01:05.555 [localhost-startStop-1] INFO  o.s.boot.web.servlet.FilterRegistrationBean --- Mapping filter: 'characterEncodingFilter' to: [/*]
2018-06-21 14:01:05.555 [localhost-startStop-1] INFO  o.s.boot.web.servlet.FilterRegistrationBean --- Mapping filter: 'hiddenHttpMethodFilter' to: [/*]
2018-06-21 14:01:05.556 [localhost-startStop-1] INFO  o.s.boot.web.servlet.FilterRegistrationBean --- Mapping filter: 'httpPutFormContentFilter' to: [/*]
2018-06-21 14:01:05.556 [localhost-startStop-1] INFO  o.s.boot.web.servlet.FilterRegistrationBean --- Mapping filter: 'requestContextFilter' to: [/*]
2018-06-21 14:01:05.557 [localhost-startStop-1] INFO  o.s.boot.web.servlet.FilterRegistrationBean --- Mapping filter: 'webStatFilter' to urls: [/*]
2018-06-21 14:01:06.049 [main] INFO  c.a.d.s.b.a.DruidDataSourceAutoConfigure --- Init DruidDataSource
2018-06-21 14:01:06.165 [main] ERROR com.alibaba.druid.pool.DruidAbstractDataSource --- oracle.jdbc.driver.OracleDriver is deprecated.
2018-06-21 14:01:06.182 [main] ERROR com.alibaba.druid.pool.DruidDataSource --- {dataSource-1} init error
java.sql.SQLException: oracle.jdbc.driver.OracleDriver
	at com.alibaba.druid.util.JdbcUtils.createDriver(JdbcUtils.java:600)
	at com.alibaba.druid.pool.DruidDataSource.init(DruidDataSource.java:815)
	at java.base/jdk.internal.reflect.NativeMethodAccessorImpl.invoke0(Native Method)
	at java.base/jdk.internal.reflect.NativeMethodAccessorImpl.invoke(Unknown Source)
	at java.base/jdk.internal.reflect.DelegatingMethodAccessorImpl.invoke(Unknown Source)
	at java.base/java.lang.reflect.Method.invoke(Unknown Source)
	at org.springframework.beans.factory.support.AbstractAutowireCapableBeanFactory.invokeCustomInitMethod(AbstractAutowireCapableBeanFactory.java:1835)
	at org.springframework.beans.factory.support.AbstractAutowireCapableBeanFactory.invokeInitMethods(AbstractAutowireCapableBeanFactory.java:1778)
	at org.springframework.beans.factory.support.AbstractAutowireCapableBeanFactory.initializeBean(AbstractAutowireCapableBeanFactory.java:1706)
	at org.springframework.beans.factory.support.AbstractAutowireCapableBeanFactory.doCreateBean(AbstractAutowireCapableBeanFactory.java:583)
	at org.springframework.beans.factory.support.AbstractAutowireCapableBeanFactory.createBean(AbstractAutowireCapableBeanFactory.java:502)
	at org.springframework.beans.factory.support.AbstractBeanFactory.lambda$doGetBean$0(AbstractBeanFactory.java:312)
	at org.springframework.beans.factory.support.DefaultSingletonBeanRegistry.getSingleton(DefaultSingletonBeanRegistry.java:228)
	at org.springframework.beans.factory.support.AbstractBeanFactory.doGetBean(AbstractBeanFactory.java:310)
	at org.springframework.beans.factory.support.AbstractBeanFactory.getBean(AbstractBeanFactory.java:200)
	at org.springframework.beans.factory.support.DefaultListableBeanFactory.preInstantiateSingletons(DefaultListableBeanFactory.java:760)
	at org.springframework.context.support.AbstractApplicationContext.finishBeanFactoryInitialization(AbstractApplicationContext.java:868)
	at org.springframework.context.support.AbstractApplicationContext.refresh(AbstractApplicationContext.java:549)
	at org.springframework.boot.web.servlet.context.ServletWebServerApplicationContext.refresh(ServletWebServerApplicationContext.java:140)
	at org.springframework.boot.SpringApplication.refresh(SpringApplication.java:752)
	at org.springframework.boot.SpringApplication.refreshContext(SpringApplication.java:388)
	at org.springframework.boot.SpringApplication.run(SpringApplication.java:327)
	at org.springframework.boot.SpringApplication.run(SpringApplication.java:1246)
	at org.springframework.boot.SpringApplication.run(SpringApplication.java:1234)
	at org.pine.mvc.DemoApplication.main(DemoApplication.java:9)
Caused by: java.lang.ClassNotFoundException: oracle.jdbc.driver.OracleDriver
	at java.base/jdk.internal.loader.BuiltinClassLoader.loadClass(Unknown Source)
	at java.base/jdk.internal.loader.ClassLoaders$AppClassLoader.loadClass(Unknown Source)
	at java.base/java.lang.ClassLoader.loadClass(Unknown Source)
	at java.base/java.lang.Class.forName0(Native Method)
	at java.base/java.lang.Class.forName(Unknown Source)
	at com.alibaba.druid.util.JdbcUtils.createDriver(JdbcUtils.java:598)
	... 24 common frames omitted
2018-06-21 14:01:06.184 [main] WARN  o.s.b.w.s.c.AnnotationConfigServletWebServerApplicationContext --- Exception encountered during context initialization - cancelling refresh attempt: org.springframework.beans.factory.BeanCreationException: Error creating bean with name 'dataSource' defined in class path resource [com/alibaba/druid/spring/boot/autoconfigure/DruidDataSourceAutoConfigure.class]: Invocation of init method failed; nested exception is java.sql.SQLException: oracle.jdbc.driver.OracleDriver
2018-06-21 14:01:06.188 [main] INFO  org.apache.catalina.core.StandardService --- Stopping service [Tomcat]
2018-06-21 14:01:06.250 [main] INFO  o.s.b.a.l.ConditionEvaluationReportLoggingListener --- 

Error starting ApplicationContext. To display the conditions report re-run your application with 'debug' enabled.
2018-06-21 14:01:06.253 [main] ERROR org.springframework.boot.SpringApplication --- Application run failed
org.springframework.beans.factory.BeanCreationException: Error creating bean with name 'dataSource' defined in class path resource [com/alibaba/druid/spring/boot/autoconfigure/DruidDataSourceAutoConfigure.class]: Invocation of init method failed; nested exception is java.sql.SQLException: oracle.jdbc.driver.OracleDriver
	at org.springframework.beans.factory.support.AbstractAutowireCapableBeanFactory.initializeBean(AbstractAutowireCapableBeanFactory.java:1710)
	at org.springframework.beans.factory.support.AbstractAutowireCapableBeanFactory.doCreateBean(AbstractAutowireCapableBeanFactory.java:583)
	at org.springframework.beans.factory.support.AbstractAutowireCapableBeanFactory.createBean(AbstractAutowireCapableBeanFactory.java:502)
	at org.springframework.beans.factory.support.AbstractBeanFactory.lambda$doGetBean$0(AbstractBeanFactory.java:312)
	at org.springframework.beans.factory.support.DefaultSingletonBeanRegistry.getSingleton(DefaultSingletonBeanRegistry.java:228)
	at org.springframework.beans.factory.support.AbstractBeanFactory.doGetBean(AbstractBeanFactory.java:310)
	at org.springframework.beans.factory.support.AbstractBeanFactory.getBean(AbstractBeanFactory.java:200)
	at org.springframework.beans.factory.support.DefaultListableBeanFactory.preInstantiateSingletons(DefaultListableBeanFactory.java:760)
	at org.springframework.context.support.AbstractApplicationContext.finishBeanFactoryInitialization(AbstractApplicationContext.java:868)
	at org.springframework.context.support.AbstractApplicationContext.refresh(AbstractApplicationContext.java:549)
	at org.springframework.boot.web.servlet.context.ServletWebServerApplicationContext.refresh(ServletWebServerApplicationContext.java:140)
	at org.springframework.boot.SpringApplication.refresh(SpringApplication.java:752)
	at org.springframework.boot.SpringApplication.refreshContext(SpringApplication.java:388)
	at org.springframework.boot.SpringApplication.run(SpringApplication.java:327)
	at org.springframework.boot.SpringApplication.run(SpringApplication.java:1246)
	at org.springframework.boot.SpringApplication.run(SpringApplication.java:1234)
	at org.pine.mvc.DemoApplication.main(DemoApplication.java:9)
Caused by: java.sql.SQLException: oracle.jdbc.driver.OracleDriver
	at com.alibaba.druid.util.JdbcUtils.createDriver(JdbcUtils.java:600)
	at com.alibaba.druid.pool.DruidDataSource.init(DruidDataSource.java:815)
	at java.base/jdk.internal.reflect.NativeMethodAccessorImpl.invoke0(Native Method)
	at java.base/jdk.internal.reflect.NativeMethodAccessorImpl.invoke(Unknown Source)
	at java.base/jdk.internal.reflect.DelegatingMethodAccessorImpl.invoke(Unknown Source)
	at java.base/java.lang.reflect.Method.invoke(Unknown Source)
	at org.springframework.beans.factory.support.AbstractAutowireCapableBeanFactory.invokeCustomInitMethod(AbstractAutowireCapableBeanFactory.java:1835)
	at org.springframework.beans.factory.support.AbstractAutowireCapableBeanFactory.invokeInitMethods(AbstractAutowireCapableBeanFactory.java:1778)
	at org.springframework.beans.factory.support.AbstractAutowireCapableBeanFactory.initializeBean(AbstractAutowireCapableBeanFactory.java:1706)
	... 16 common frames omitted
Caused by: java.lang.ClassNotFoundException: oracle.jdbc.driver.OracleDriver
	at java.base/jdk.internal.loader.BuiltinClassLoader.loadClass(Unknown Source)
	at java.base/jdk.internal.loader.ClassLoaders$AppClassLoader.loadClass(Unknown Source)
	at java.base/java.lang.ClassLoader.loadClass(Unknown Source)
	at java.base/java.lang.Class.forName0(Native Method)
	at java.base/java.lang.Class.forName(Unknown Source)
	at com.alibaba.druid.util.JdbcUtils.createDriver(JdbcUtils.java:598)
	... 24 common frames omitted
