2018-06-01 10:19:03.328 [main] INFO  org.pine.mvc.DemoApplication --- Starting DemoApplication on yangs with PID 14952 (F:\git_code\PINESOFT_FRAME\pinesoft-integration-pom\pinesoft-mvc\target\test-classes started by Administrator in F:\git_code\PINESOFT_FRAME\pinesoft-integration-pom\pinesoft-mvc)
2018-06-01 10:19:03.332 [main] INFO  org.pine.mvc.DemoApplication --- No active profile set, falling back to default profiles: default
2018-06-01 10:19:03.448 [main] INFO  o.s.b.w.s.c.AnnotationConfigServletWebServerApplicationContext --- Refreshing org.springframework.boot.web.servlet.context.AnnotationConfigServletWebServerApplicationContext@cd3fee8: startup date [Fri Jun 01 10:19:03 CST 2018]; root of context hierarchy
2018-06-01 10:19:05.459 [main] WARN  org.mybatis.spring.mapper.ClassPathMapperScanner --- No MyBatis mapper was found in '[org.pine.mvc]' package. Please check your configuration.
2018-06-01 10:19:07.146 [main] INFO  o.s.boot.web.embedded.tomcat.TomcatWebServer --- Tomcat initialized with port(s): 8080 (http)
2018-06-01 10:19:07.178 [main] INFO  org.apache.coyote.http11.Http11NioProtocol --- Initializing ProtocolHandler ["http-nio-8080"]
2018-06-01 10:19:07.207 [main] INFO  org.apache.catalina.core.StandardService --- Starting service [Tomcat]
2018-06-01 10:19:07.207 [main] INFO  org.apache.catalina.core.StandardEngine --- Starting Servlet Engine: Apache Tomcat/8.5.28
2018-06-01 10:19:07.228 [localhost-startStop-1] INFO  org.apache.catalina.core.AprLifecycleListener --- The APR based Apache Tomcat Native library which allows optimal performance in production environments was not found on the java.library.path: [D:\Program Files\Java\jre1.8.0_102\bin;C:\windows\Sun\Java\bin;C:\windows\system32;C:\windows;D:/Program Files/Java/jdk1.8.0_102/bin/../jre/bin/server;D:/Program Files/Java/jdk1.8.0_102/bin/../jre/bin;D:/Program Files/Java/jdk1.8.0_102/bin/../jre/lib/amd64;D:\app\Administrator\product\11.2.0\client_3;D:\app\Administrator\product\11.2.0\client_2;D:\app\Administrator\product\11.2.0\client_1\bin;C:\Windows\system32;C:\Windows;C:\Windows\System32\Wbem;C:\Windows\System32\WindowsPowerShell\v1.0\;C:\Program Files (x86)\Windows7Master;D:\Program Files\TortoiseSVN\bin;D:\Program Files (x86);C:\Program Files (x86)\Microsoft SQL Server\100\Tools\Binn\;C:\Program Files\Microsoft SQL Server\100\Tools\Binn\;C:\Program Files\Microsoft SQL Server\100\DTS\Binn\;C:\Program Files (x86)\Microsoft ASP.NET\ASP.NET Web Pages\v1.0\;C:\Program Files\Microsoft SQL Server\110\Tools\Binn\;C:\Program Files (x86)\Microsoft SQL Server\100\DTS\Binn\;C:\Program Files (x86)\Microsoft SQL Server\100\Tools\Binn\VSShell\Common7\IDE\;C:\Program Files (x86)\Microsoft Visual Studio 9.0\Common7\IDE\PrivateAssemblies\;C:\Program Files\Microsoft\Web Platform Installer\;C:\WINDOWS\system32;C:\WINDOWS;C:\WINDOWS\System32\Wbem;C:\WINDOWS\System32\WindowsPowerShell\v1.0\;C:\Program Files\Microsoft SQL Server\120\Tools\Binn\;C:\Program Files\Microsoft DNX\Dnvm\;C:\Program Files (x86)\Windows Kits\8.1\Windows Performance Toolkit\;C:\Program Files (x86)\Microsoft SDKs\TypeScript\1.0\;C:\Program Files (x86)\NVIDIA Corporation\PhysX\Common;D:\Program Files\Java\jdk1.8.0_102\bin;D:\Program Files\Java\jdk1.8.0_102\jre\bin;C:\windows\system32;C:\windows;C:\windows\System32\Wbem;C:\windows\System32\WindowsPowerShell\v1.0\;D:\Program Files\Java\apache-tomcat-7.0.40\bin;D:\Program Files\JavaTool\apache-maven-3.5.0-bin\apache-maven-3.5.0\bin;D:\Program Files\erl9.2\bin;C:\Program Files\nodejs\;C:\Users\Administrator\AppData\Local\Microsoft\WindowsApps;;D:\Program Files (x86)\Microsoft VS Code\bin;C:\Users\Administrator\Desktop;;.]
2018-06-01 10:19:07.803 [localhost-startStop-1] INFO  org.apache.jasper.servlet.TldScanner --- At least one JAR was scanned for TLDs yet contained no TLDs. Enable debug logging for this logger for a complete list of JARs that were scanned but no TLDs were found in them. Skipping unneeded JARs during scanning can improve startup time and JSP compilation time.
2018-06-01 10:19:07.810 [localhost-startStop-1] INFO  o.a.c.core.ContainerBase.[Tomcat].[localhost].[/] --- Initializing Spring embedded WebApplicationContext
2018-06-01 10:19:07.810 [localhost-startStop-1] INFO  org.springframework.web.context.ContextLoader --- Root WebApplicationContext: initialization completed in 4363 ms
2018-06-01 10:19:08.291 [localhost-startStop-1] INFO  o.s.boot.web.servlet.ServletRegistrationBean --- Servlet dispatcherServlet mapped to [/]
2018-06-01 10:19:08.303 [localhost-startStop-1] INFO  o.s.boot.web.servlet.ServletRegistrationBean --- Servlet statViewServlet mapped to [/druid/*]
2018-06-01 10:19:08.313 [localhost-startStop-1] INFO  o.s.boot.web.servlet.FilterRegistrationBean --- Mapping filter: 'characterEncodingFilter' to: [/*]
2018-06-01 10:19:08.314 [localhost-startStop-1] INFO  o.s.boot.web.servlet.FilterRegistrationBean --- Mapping filter: 'hiddenHttpMethodFilter' to: [/*]
2018-06-01 10:19:08.315 [localhost-startStop-1] INFO  o.s.boot.web.servlet.FilterRegistrationBean --- Mapping filter: 'httpPutFormContentFilter' to: [/*]
2018-06-01 10:19:08.315 [localhost-startStop-1] INFO  o.s.boot.web.servlet.FilterRegistrationBean --- Mapping filter: 'requestContextFilter' to: [/*]
2018-06-01 10:19:08.315 [localhost-startStop-1] INFO  o.s.boot.web.servlet.FilterRegistrationBean --- Mapping filter: 'webStatFilter' to urls: [/*]
2018-06-01 10:19:08.460 [main] WARN  o.s.b.w.s.c.AnnotationConfigServletWebServerApplicationContext --- Exception encountered during context initialization - cancelling refresh attempt: org.springframework.beans.factory.BeanCreationException: Error creating bean with name 'testController': Injection of autowired dependencies failed; nested exception is java.lang.IllegalArgumentException: Could not resolve placeholder 'spring.datasource.druid.url' in value "${spring.datasource.druid.url}"
2018-06-01 10:19:08.468 [main] INFO  org.apache.catalina.core.StandardService --- Stopping service [Tomcat]
2018-06-01 10:19:08.572 [main] INFO  o.s.b.a.l.ConditionEvaluationReportLoggingListener --- 

Error starting ApplicationContext. To display the conditions report re-run your application with 'debug' enabled.
2018-06-01 10:19:08.579 [main] ERROR org.springframework.boot.SpringApplication --- Application run failed
org.springframework.beans.factory.BeanCreationException: Error creating bean with name 'testController': Injection of autowired dependencies failed; nested exception is java.lang.IllegalArgumentException: Could not resolve placeholder 'spring.datasource.druid.url' in value "${spring.datasource.druid.url}"
	at org.springframework.beans.factory.annotation.AutowiredAnnotationBeanPostProcessor.postProcessPropertyValues(AutowiredAnnotationBeanPostProcessor.java:379)
	at org.springframework.beans.factory.support.AbstractAutowireCapableBeanFactory.populateBean(AbstractAutowireCapableBeanFactory.java:1344)
	at org.springframework.beans.factory.support.AbstractAutowireCapableBeanFactory.doCreateBean(AbstractAutowireCapableBeanFactory.java:582)
	at org.springframework.beans.factory.support.AbstractAutowireCapableBeanFactory.createBean(AbstractAutowireCapableBeanFactory.java:502)
	at org.springframework.beans.factory.support.AbstractBeanFactory.lambda$doGetBean$0(AbstractBeanFactory.java:312)
	at org.springframework.beans.factory.support.DefaultSingletonBeanRegistry.getSingleton(DefaultSingletonBeanRegistry.java:228)
	at org.springframework.beans.factory.support.AbstractBeanFactory.doGetBean(AbstractBeanFactory.java:310)
	at org.springframework.beans.factory.support.AbstractBeanFactory.getBean(AbstractBeanFactory.java:200)
	at org.springframework.beans.factory.support.DefaultListableBeanFactory.preInstantiateSingletons(DefaultListableBeanFactory.java:760)
	at org.springframework.context.support.AbstractApplicationContext.finishBeanFactoryInitialization(AbstractApplicationContext.java:868)
	at org.springframework.context.support.AbstractApplicationContext.refresh(AbstractApplicationContext.java:549)
	at org.springframework.boot.web.servlet.context.ServletWebServerApplicationContext.refresh(ServletWebServerApplicationContext.java:140)
	at org.springframework.boot.SpringApplication.refresh(SpringApplication.java:752)
	at org.springframework.boot.SpringApplication.refreshContext(SpringApplication.java:388)
	at org.springframework.boot.SpringApplication.run(SpringApplication.java:327)
	at org.springframework.boot.SpringApplication.run(SpringApplication.java:1246)
	at org.springframework.boot.SpringApplication.run(SpringApplication.java:1234)
	at org.pine.mvc.DemoApplication.main(DemoApplication.java:9)
Caused by: java.lang.IllegalArgumentException: Could not resolve placeholder 'spring.datasource.druid.url' in value "${spring.datasource.druid.url}"
	at org.springframework.util.PropertyPlaceholderHelper.parseStringValue(PropertyPlaceholderHelper.java:172)
	at org.springframework.util.PropertyPlaceholderHelper.replacePlaceholders(PropertyPlaceholderHelper.java:124)
	at org.springframework.core.env.AbstractPropertyResolver.doResolvePlaceholders(AbstractPropertyResolver.java:237)
	at org.springframework.core.env.AbstractPropertyResolver.resolveRequiredPlaceholders(AbstractPropertyResolver.java:211)
	at org.springframework.context.support.PropertySourcesPlaceholderConfigurer.lambda$processProperties$0(PropertySourcesPlaceholderConfigurer.java:175)
	at org.springframework.beans.factory.support.AbstractBeanFactory.resolveEmbeddedValue(AbstractBeanFactory.java:834)
	at org.springframework.beans.factory.support.DefaultListableBeanFactory.doResolveDependency(DefaultListableBeanFactory.java:1086)
	at org.springframework.beans.factory.support.DefaultListableBeanFactory.resolveDependency(DefaultListableBeanFactory.java:1065)
	at org.springframework.beans.factory.annotation.AutowiredAnnotationBeanPostProcessor$AutowiredFieldElement.inject(AutowiredAnnotationBeanPostProcessor.java:584)
	at org.springframework.beans.factory.annotation.InjectionMetadata.inject(InjectionMetadata.java:91)
	at org.springframework.beans.factory.annotation.AutowiredAnnotationBeanPostProcessor.postProcessPropertyValues(AutowiredAnnotationBeanPostProcessor.java:373)
	... 17 common frames omitted
2018-06-01 10:55:17.552 [main] INFO  org.pine.mvc.DemoApplication --- Starting DemoApplication on yangs with PID 14948 (F:\git_code\PINESOFT_FRAME\pinesoft-integration-pom\pinesoft-mvc\target\test-classes started by Administrator in F:\git_code\PINESOFT_FRAME\pinesoft-integration-pom\pinesoft-mvc)
2018-06-01 10:55:17.557 [main] INFO  org.pine.mvc.DemoApplication --- No active profile set, falling back to default profiles: default
2018-06-01 10:55:17.796 [main] INFO  o.s.b.w.s.c.AnnotationConfigServletWebServerApplicationContext --- Refreshing org.springframework.boot.web.servlet.context.AnnotationConfigServletWebServerApplicationContext@4b5d6a01: startup date [Fri Jun 01 10:55:17 CST 2018]; root of context hierarchy
2018-06-01 10:55:20.434 [main] WARN  org.mybatis.spring.mapper.ClassPathMapperScanner --- No MyBatis mapper was found in '[org.pine.mvc]' package. Please check your configuration.
2018-06-01 10:55:22.477 [main] INFO  o.s.boot.web.embedded.tomcat.TomcatWebServer --- Tomcat initialized with port(s): 8080 (http)
2018-06-01 10:55:22.518 [main] INFO  org.apache.coyote.http11.Http11NioProtocol --- Initializing ProtocolHandler ["http-nio-8080"]
2018-06-01 10:55:22.541 [main] INFO  org.apache.catalina.core.StandardService --- Starting service [Tomcat]
2018-06-01 10:55:22.542 [main] INFO  org.apache.catalina.core.StandardEngine --- Starting Servlet Engine: Apache Tomcat/8.5.28
2018-06-01 10:55:22.557 [localhost-startStop-1] INFO  org.apache.catalina.core.AprLifecycleListener --- The APR based Apache Tomcat Native library which allows optimal performance in production environments was not found on the java.library.path: [D:\Program Files\Java\jre1.8.0_102\bin;C:\windows\Sun\Java\bin;C:\windows\system32;C:\windows;D:/Program Files/Java/jdk1.8.0_102/bin/../jre/bin/server;D:/Program Files/Java/jdk1.8.0_102/bin/../jre/bin;D:/Program Files/Java/jdk1.8.0_102/bin/../jre/lib/amd64;D:\app\Administrator\product\11.2.0\client_3;D:\app\Administrator\product\11.2.0\client_2;D:\app\Administrator\product\11.2.0\client_1\bin;C:\Windows\system32;C:\Windows;C:\Windows\System32\Wbem;C:\Windows\System32\WindowsPowerShell\v1.0\;C:\Program Files (x86)\Windows7Master;D:\Program Files\TortoiseSVN\bin;D:\Program Files (x86);C:\Program Files (x86)\Microsoft SQL Server\100\Tools\Binn\;C:\Program Files\Microsoft SQL Server\100\Tools\Binn\;C:\Program Files\Microsoft SQL Server\100\DTS\Binn\;C:\Program Files (x86)\Microsoft ASP.NET\ASP.NET Web Pages\v1.0\;C:\Program Files\Microsoft SQL Server\110\Tools\Binn\;C:\Program Files (x86)\Microsoft SQL Server\100\DTS\Binn\;C:\Program Files (x86)\Microsoft SQL Server\100\Tools\Binn\VSShell\Common7\IDE\;C:\Program Files (x86)\Microsoft Visual Studio 9.0\Common7\IDE\PrivateAssemblies\;C:\Program Files\Microsoft\Web Platform Installer\;C:\WINDOWS\system32;C:\WINDOWS;C:\WINDOWS\System32\Wbem;C:\WINDOWS\System32\WindowsPowerShell\v1.0\;C:\Program Files\Microsoft SQL Server\120\Tools\Binn\;C:\Program Files\Microsoft DNX\Dnvm\;C:\Program Files (x86)\Windows Kits\8.1\Windows Performance Toolkit\;C:\Program Files (x86)\Microsoft SDKs\TypeScript\1.0\;C:\Program Files (x86)\NVIDIA Corporation\PhysX\Common;D:\Program Files\Java\jdk1.8.0_102\bin;D:\Program Files\Java\jdk1.8.0_102\jre\bin;C:\windows\system32;C:\windows;C:\windows\System32\Wbem;C:\windows\System32\WindowsPowerShell\v1.0\;D:\Program Files\Java\apache-tomcat-7.0.40\bin;D:\Program Files\JavaTool\apache-maven-3.5.0-bin\apache-maven-3.5.0\bin;D:\Program Files\erl9.2\bin;C:\Program Files\nodejs\;C:\Users\Administrator\AppData\Local\Microsoft\WindowsApps;;D:\Program Files (x86)\Microsoft VS Code\bin;C:\Users\Administrator\Desktop;;.]
2018-06-01 10:55:23.064 [localhost-startStop-1] INFO  org.apache.jasper.servlet.TldScanner --- At least one JAR was scanned for TLDs yet contained no TLDs. Enable debug logging for this logger for a complete list of JARs that were scanned but no TLDs were found in them. Skipping unneeded JARs during scanning can improve startup time and JSP compilation time.
2018-06-01 10:55:23.078 [localhost-startStop-1] INFO  o.a.c.core.ContainerBase.[Tomcat].[localhost].[/] --- Initializing Spring embedded WebApplicationContext
2018-06-01 10:55:23.079 [localhost-startStop-1] INFO  org.springframework.web.context.ContextLoader --- Root WebApplicationContext: initialization completed in 5283 ms
2018-06-01 10:55:23.662 [localhost-startStop-1] INFO  o.s.boot.web.servlet.ServletRegistrationBean --- Servlet dispatcherServlet mapped to [/]
2018-06-01 10:55:23.664 [localhost-startStop-1] INFO  o.s.boot.web.servlet.ServletRegistrationBean --- Servlet statViewServlet mapped to [/druid/*]
2018-06-01 10:55:23.673 [localhost-startStop-1] INFO  o.s.boot.web.servlet.FilterRegistrationBean --- Mapping filter: 'characterEncodingFilter' to: [/*]
2018-06-01 10:55:23.673 [localhost-startStop-1] INFO  o.s.boot.web.servlet.FilterRegistrationBean --- Mapping filter: 'hiddenHttpMethodFilter' to: [/*]
2018-06-01 10:55:23.674 [localhost-startStop-1] INFO  o.s.boot.web.servlet.FilterRegistrationBean --- Mapping filter: 'httpPutFormContentFilter' to: [/*]
2018-06-01 10:55:23.674 [localhost-startStop-1] INFO  o.s.boot.web.servlet.FilterRegistrationBean --- Mapping filter: 'requestContextFilter' to: [/*]
2018-06-01 10:55:23.674 [localhost-startStop-1] INFO  o.s.boot.web.servlet.FilterRegistrationBean --- Mapping filter: 'webStatFilter' to urls: [/*]
2018-06-01 10:55:23.906 [main] WARN  o.s.b.w.s.c.AnnotationConfigServletWebServerApplicationContext --- Exception encountered during context initialization - cancelling refresh attempt: org.springframework.beans.factory.BeanCreationException: Error creating bean with name 'testController': Injection of autowired dependencies failed; nested exception is java.lang.IllegalArgumentException: Could not resolve placeholder 'spring.datasource.druid.url' in value "${spring.datasource.druid.url}"
2018-06-01 10:55:23.910 [main] INFO  org.apache.catalina.core.StandardService --- Stopping service [Tomcat]
2018-06-01 10:55:23.958 [main] INFO  o.s.b.a.l.ConditionEvaluationReportLoggingListener --- 

Error starting ApplicationContext. To display the conditions report re-run your application with 'debug' enabled.
2018-06-01 10:55:23.967 [main] ERROR org.springframework.boot.SpringApplication --- Application run failed
org.springframework.beans.factory.BeanCreationException: Error creating bean with name 'testController': Injection of autowired dependencies failed; nested exception is java.lang.IllegalArgumentException: Could not resolve placeholder 'spring.datasource.druid.url' in value "${spring.datasource.druid.url}"
	at org.springframework.beans.factory.annotation.AutowiredAnnotationBeanPostProcessor.postProcessPropertyValues(AutowiredAnnotationBeanPostProcessor.java:379)
	at org.springframework.beans.factory.support.AbstractAutowireCapableBeanFactory.populateBean(AbstractAutowireCapableBeanFactory.java:1344)
	at org.springframework.beans.factory.support.AbstractAutowireCapableBeanFactory.doCreateBean(AbstractAutowireCapableBeanFactory.java:582)
	at org.springframework.beans.factory.support.AbstractAutowireCapableBeanFactory.createBean(AbstractAutowireCapableBeanFactory.java:502)
	at org.springframework.beans.factory.support.AbstractBeanFactory.lambda$doGetBean$0(AbstractBeanFactory.java:312)
	at org.springframework.beans.factory.support.DefaultSingletonBeanRegistry.getSingleton(DefaultSingletonBeanRegistry.java:228)
	at org.springframework.beans.factory.support.AbstractBeanFactory.doGetBean(AbstractBeanFactory.java:310)
	at org.springframework.beans.factory.support.AbstractBeanFactory.getBean(AbstractBeanFactory.java:200)
	at org.springframework.beans.factory.support.DefaultListableBeanFactory.preInstantiateSingletons(DefaultListableBeanFactory.java:760)
	at org.springframework.context.support.AbstractApplicationContext.finishBeanFactoryInitialization(AbstractApplicationContext.java:868)
	at org.springframework.context.support.AbstractApplicationContext.refresh(AbstractApplicationContext.java:549)
	at org.springframework.boot.web.servlet.context.ServletWebServerApplicationContext.refresh(ServletWebServerApplicationContext.java:140)
	at org.springframework.boot.SpringApplication.refresh(SpringApplication.java:752)
	at org.springframework.boot.SpringApplication.refreshContext(SpringApplication.java:388)
	at org.springframework.boot.SpringApplication.run(SpringApplication.java:327)
	at org.springframework.boot.SpringApplication.run(SpringApplication.java:1246)
	at org.springframework.boot.SpringApplication.run(SpringApplication.java:1234)
	at org.pine.mvc.DemoApplication.main(DemoApplication.java:9)
Caused by: java.lang.IllegalArgumentException: Could not resolve placeholder 'spring.datasource.druid.url' in value "${spring.datasource.druid.url}"
	at org.springframework.util.PropertyPlaceholderHelper.parseStringValue(PropertyPlaceholderHelper.java:172)
	at org.springframework.util.PropertyPlaceholderHelper.replacePlaceholders(PropertyPlaceholderHelper.java:124)
	at org.springframework.core.env.AbstractPropertyResolver.doResolvePlaceholders(AbstractPropertyResolver.java:237)
	at org.springframework.core.env.AbstractPropertyResolver.resolveRequiredPlaceholders(AbstractPropertyResolver.java:211)
	at org.springframework.context.support.PropertySourcesPlaceholderConfigurer.lambda$processProperties$0(PropertySourcesPlaceholderConfigurer.java:175)
	at org.springframework.beans.factory.support.AbstractBeanFactory.resolveEmbeddedValue(AbstractBeanFactory.java:834)
	at org.springframework.beans.factory.support.DefaultListableBeanFactory.doResolveDependency(DefaultListableBeanFactory.java:1086)
	at org.springframework.beans.factory.support.DefaultListableBeanFactory.resolveDependency(DefaultListableBeanFactory.java:1065)
	at org.springframework.beans.factory.annotation.AutowiredAnnotationBeanPostProcessor$AutowiredFieldElement.inject(AutowiredAnnotationBeanPostProcessor.java:584)
	at org.springframework.beans.factory.annotation.InjectionMetadata.inject(InjectionMetadata.java:91)
	at org.springframework.beans.factory.annotation.AutowiredAnnotationBeanPostProcessor.postProcessPropertyValues(AutowiredAnnotationBeanPostProcessor.java:373)
	... 17 common frames omitted
2018-06-01 10:59:48.911 [main] INFO  org.pine.mvc.DemoApplication --- Starting DemoApplication on yangs with PID 12180 (F:\git_code\PINESOFT_FRAME\pinesoft-integration-pom\pinesoft-mvc\target\test-classes started by Administrator in F:\git_code\PINESOFT_FRAME\pinesoft-integration-pom\pinesoft-mvc)
2018-06-01 10:59:48.920 [main] INFO  org.pine.mvc.DemoApplication --- No active profile set, falling back to default profiles: default
2018-06-01 10:59:49.088 [main] INFO  o.s.b.w.s.c.AnnotationConfigServletWebServerApplicationContext --- Refreshing org.springframework.boot.web.servlet.context.AnnotationConfigServletWebServerApplicationContext@3e2e18f2: startup date [Fri Jun 01 10:59:49 CST 2018]; root of context hierarchy
2018-06-01 10:59:52.067 [main] WARN  org.mybatis.spring.mapper.ClassPathMapperScanner --- No MyBatis mapper was found in '[org.pine.mvc]' package. Please check your configuration.
2018-06-01 10:59:53.643 [main] INFO  o.s.boot.web.embedded.tomcat.TomcatWebServer --- Tomcat initialized with port(s): 8080 (http)
2018-06-01 10:59:53.667 [main] INFO  org.apache.coyote.http11.Http11NioProtocol --- Initializing ProtocolHandler ["http-nio-8080"]
2018-06-01 10:59:53.690 [main] INFO  org.apache.catalina.core.StandardService --- Starting service [Tomcat]
2018-06-01 10:59:53.690 [main] INFO  org.apache.catalina.core.StandardEngine --- Starting Servlet Engine: Apache Tomcat/8.5.28
2018-06-01 10:59:53.720 [localhost-startStop-1] INFO  org.apache.catalina.core.AprLifecycleListener --- The APR based Apache Tomcat Native library which allows optimal performance in production environments was not found on the java.library.path: [D:\Program Files\Java\jre1.8.0_102\bin;C:\windows\Sun\Java\bin;C:\windows\system32;C:\windows;D:/Program Files/Java/jdk1.8.0_102/bin/../jre/bin/server;D:/Program Files/Java/jdk1.8.0_102/bin/../jre/bin;D:/Program Files/Java/jdk1.8.0_102/bin/../jre/lib/amd64;D:\app\Administrator\product\11.2.0\client_3;D:\app\Administrator\product\11.2.0\client_2;D:\app\Administrator\product\11.2.0\client_1\bin;C:\Windows\system32;C:\Windows;C:\Windows\System32\Wbem;C:\Windows\System32\WindowsPowerShell\v1.0\;C:\Program Files (x86)\Windows7Master;D:\Program Files\TortoiseSVN\bin;D:\Program Files (x86);C:\Program Files (x86)\Microsoft SQL Server\100\Tools\Binn\;C:\Program Files\Microsoft SQL Server\100\Tools\Binn\;C:\Program Files\Microsoft SQL Server\100\DTS\Binn\;C:\Program Files (x86)\Microsoft ASP.NET\ASP.NET Web Pages\v1.0\;C:\Program Files\Microsoft SQL Server\110\Tools\Binn\;C:\Program Files (x86)\Microsoft SQL Server\100\DTS\Binn\;C:\Program Files (x86)\Microsoft SQL Server\100\Tools\Binn\VSShell\Common7\IDE\;C:\Program Files (x86)\Microsoft Visual Studio 9.0\Common7\IDE\PrivateAssemblies\;C:\Program Files\Microsoft\Web Platform Installer\;C:\WINDOWS\system32;C:\WINDOWS;C:\WINDOWS\System32\Wbem;C:\WINDOWS\System32\WindowsPowerShell\v1.0\;C:\Program Files\Microsoft SQL Server\120\Tools\Binn\;C:\Program Files\Microsoft DNX\Dnvm\;C:\Program Files (x86)\Windows Kits\8.1\Windows Performance Toolkit\;C:\Program Files (x86)\Microsoft SDKs\TypeScript\1.0\;C:\Program Files (x86)\NVIDIA Corporation\PhysX\Common;D:\Program Files\Java\jdk1.8.0_102\bin;D:\Program Files\Java\jdk1.8.0_102\jre\bin;C:\windows\system32;C:\windows;C:\windows\System32\Wbem;C:\windows\System32\WindowsPowerShell\v1.0\;D:\Program Files\Java\apache-tomcat-7.0.40\bin;D:\Program Files\JavaTool\apache-maven-3.5.0-bin\apache-maven-3.5.0\bin;D:\Program Files\erl9.2\bin;C:\Program Files\nodejs\;C:\Users\Administrator\AppData\Local\Microsoft\WindowsApps;;D:\Program Files (x86)\Microsoft VS Code\bin;C:\Users\Administrator\Desktop;;.]
2018-06-01 10:59:54.273 [localhost-startStop-1] INFO  org.apache.jasper.servlet.TldScanner --- At least one JAR was scanned for TLDs yet contained no TLDs. Enable debug logging for this logger for a complete list of JARs that were scanned but no TLDs were found in them. Skipping unneeded JARs during scanning can improve startup time and JSP compilation time.
2018-06-01 10:59:54.282 [localhost-startStop-1] INFO  o.a.c.core.ContainerBase.[Tomcat].[localhost].[/] --- Initializing Spring embedded WebApplicationContext
2018-06-01 10:59:54.282 [localhost-startStop-1] INFO  org.springframework.web.context.ContextLoader --- Root WebApplicationContext: initialization completed in 5194 ms
2018-06-01 10:59:55.062 [localhost-startStop-1] INFO  o.s.boot.web.servlet.ServletRegistrationBean --- Servlet dispatcherServlet mapped to [/]
2018-06-01 10:59:55.064 [localhost-startStop-1] INFO  o.s.boot.web.servlet.ServletRegistrationBean --- Servlet statViewServlet mapped to [/druid/*]
2018-06-01 10:59:55.071 [localhost-startStop-1] INFO  o.s.boot.web.servlet.FilterRegistrationBean --- Mapping filter: 'characterEncodingFilter' to: [/*]
2018-06-01 10:59:55.072 [localhost-startStop-1] INFO  o.s.boot.web.servlet.FilterRegistrationBean --- Mapping filter: 'hiddenHttpMethodFilter' to: [/*]
2018-06-01 10:59:55.072 [localhost-startStop-1] INFO  o.s.boot.web.servlet.FilterRegistrationBean --- Mapping filter: 'httpPutFormContentFilter' to: [/*]
2018-06-01 10:59:55.072 [localhost-startStop-1] INFO  o.s.boot.web.servlet.FilterRegistrationBean --- Mapping filter: 'requestContextFilter' to: [/*]
2018-06-01 10:59:55.072 [localhost-startStop-1] INFO  o.s.boot.web.servlet.FilterRegistrationBean --- Mapping filter: 'webStatFilter' to urls: [/*]
2018-06-01 10:59:56.371 [main] INFO  c.a.d.s.b.a.DruidDataSourceAutoConfigure --- Init DruidDataSource
2018-06-01 10:59:56.645 [main] ERROR com.alibaba.druid.pool.DruidAbstractDataSource --- oracle.jdbc.driver.OracleDriver is deprecated.
2018-06-01 10:59:57.898 [main] INFO  com.alibaba.druid.pool.DruidDataSource --- {dataSource-1} inited
2018-06-01 10:59:58.532 [main] INFO  o.s.w.s.m.m.a.RequestMappingHandlerAdapter --- Looking for @ControllerAdvice: org.springframework.boot.web.servlet.context.AnnotationConfigServletWebServerApplicationContext@3e2e18f2: startup date [Fri Jun 01 10:59:49 CST 2018]; root of context hierarchy
2018-06-01 10:59:58.854 [main] INFO  o.s.w.s.m.m.a.RequestMappingHandlerMapping --- Mapped "{[/test/{aa}/comment]}" onto public org.springframework.web.servlet.ModelAndView org.pine.mvc.TestController.index(java.lang.String,org.springframework.web.servlet.mvc.support.RedirectAttributes,org.springframework.ui.Model)
2018-06-01 10:59:58.863 [main] INFO  o.s.w.s.m.m.a.RequestMappingHandlerMapping --- Mapped "{[/error]}" onto public org.springframework.http.ResponseEntity<java.util.Map<java.lang.String, java.lang.Object>> org.springframework.boot.autoconfigure.web.servlet.error.BasicErrorController.error(javax.servlet.http.HttpServletRequest)
2018-06-01 10:59:58.871 [main] INFO  o.s.w.s.m.m.a.RequestMappingHandlerMapping --- Mapped "{[/error],produces=[text/html]}" onto public org.springframework.web.servlet.ModelAndView org.springframework.boot.autoconfigure.web.servlet.error.BasicErrorController.errorHtml(javax.servlet.http.HttpServletRequest,javax.servlet.http.HttpServletResponse)
2018-06-01 10:59:59.102 [main] INFO  o.s.web.servlet.handler.SimpleUrlHandlerMapping --- Mapped URL path [/static/**] onto handler of type [class org.springframework.web.servlet.resource.ResourceHttpRequestHandler]
2018-06-01 10:59:59.103 [main] INFO  o.s.web.servlet.handler.SimpleUrlHandlerMapping --- Mapped URL path [/webjars/**] onto handler of type [class org.springframework.web.servlet.resource.ResourceHttpRequestHandler]
2018-06-01 10:59:59.103 [main] INFO  o.s.web.servlet.handler.SimpleUrlHandlerMapping --- Mapped URL path [/**] onto handler of type [class org.springframework.web.servlet.resource.ResourceHttpRequestHandler]
2018-06-01 10:59:59.174 [main] INFO  o.s.w.s.m.m.a.ExceptionHandlerExceptionResolver --- Detected @ExceptionHandler methods in mvcExceptionAdvice
2018-06-01 10:59:59.370 [main] INFO  o.s.web.servlet.handler.SimpleUrlHandlerMapping --- Mapped URL path [/**/favicon.ico] onto handler of type [class org.springframework.web.servlet.resource.ResourceHttpRequestHandler]
2018-06-01 11:00:00.754 [main] INFO  o.s.jmx.export.annotation.AnnotationMBeanExporter --- Registering beans for JMX exposure on startup
2018-06-01 11:00:00.757 [main] INFO  o.s.jmx.export.annotation.AnnotationMBeanExporter --- Bean with name 'statFilter' has been autodetected for JMX exposure
2018-06-01 11:00:00.757 [main] INFO  o.s.jmx.export.annotation.AnnotationMBeanExporter --- Bean with name 'dataSource' has been autodetected for JMX exposure
2018-06-01 11:00:00.794 [main] INFO  o.s.jmx.export.annotation.AnnotationMBeanExporter --- Located MBean 'dataSource': registering with JMX server as MBean [com.alibaba.druid.spring.boot.autoconfigure:name=dataSource,type=DruidDataSourceWrapper]
2018-06-01 11:00:00.795 [main] INFO  o.s.jmx.export.annotation.AnnotationMBeanExporter --- Located MBean 'statFilter': registering with JMX server as MBean [com.alibaba.druid.filter.stat:name=statFilter,type=StatFilter]
2018-06-01 11:00:00.813 [main] INFO  org.apache.coyote.http11.Http11NioProtocol --- Starting ProtocolHandler ["http-nio-8080"]
2018-06-01 11:00:01.066 [main] INFO  org.apache.tomcat.util.net.NioSelectorPool --- Using a shared selector for servlet write/read
2018-06-01 11:00:01.133 [main] INFO  o.s.boot.web.embedded.tomcat.TomcatWebServer --- Tomcat started on port(s): 8080 (http) with context path ''
2018-06-01 11:00:01.143 [main] INFO  org.pine.mvc.DemoApplication --- Started DemoApplication in 13.925 seconds (JVM running for 15.162)
2018-06-01 11:01:23.497 [http-nio-8080-exec-8] INFO  o.a.c.core.ContainerBase.[Tomcat].[localhost].[/] --- Initializing Spring FrameworkServlet 'dispatcherServlet'
2018-06-01 11:01:23.497 [http-nio-8080-exec-8] INFO  org.springframework.web.servlet.DispatcherServlet --- FrameworkServlet 'dispatcherServlet': initialization started
2018-06-01 11:01:23.540 [http-nio-8080-exec-8] INFO  org.springframework.web.servlet.DispatcherServlet --- FrameworkServlet 'dispatcherServlet': initialization completed in 43 ms
